# JRE version: OpenJDK Runtime Environment (7.0_121) (build 1.7.0_121-b00)
# Java VM: OpenJDK 64-Bit Server VM (24.121-b00 mixed mode linux-amd64 compressed oops)
Heap
 def new generation   total 28480K, used 0K [0x00000000b0000000, 0x00000000b1ee0000, 0x00000000c5550000)
  eden space 25344K,   0% used [0x00000000b0000000, 0x00000000b0000000, 0x00000000b18c0000)
  from space 3136K,   0% used [0x00000000b18c0000, 0x00000000b18c0000, 0x00000000b1bd0000)
  to   space 3136K,   0% used [0x00000000b1bd0000, 0x00000000b1bd0000, 0x00000000b1ee0000)
 tenured generation   total 71900K, used 53082K [0x00000000c5550000, 0x00000000c9b87000, 0x00000000f0000000)
   the space 71900K,  73% used [0x00000000c5550000, 0x00000000c8926a00, 0x00000000c8926a00, 0x00000000c9b87000)
 compacting perm gen  total 70272K, used 70251K [0x00000000f0000000, 0x00000000f44a0000, 0x0000000100000000)
   the space 70272K,  99% used [0x00000000f0000000, 0x00000000f449ac08, 0x00000000f449ae00, 0x00000000f44a0000)
GC Heap History (10 events):
Event: 704.452 GC heap after
Heap after GC invocations=137 (full 9):
 def new generation   total 20992K, used 549K [0x00000000b0000000, 0x00000000b16c0000, 0x00000000c5550000)
  eden space 18688K,   0% used [0x00000000b0000000, 0x00000000b0000000, 0x00000000b1240000)
  from space 2304K,  23% used [0x00000000b1480000, 0x00000000b1509600, 0x00000000b16c0000)
  to   space 2304K,   0% used [0x00000000b1240000, 0x00000000b1240000, 0x00000000b1480000)
 tenured generation   total 46508K, used 32283K [0x00000000c5550000, 0x00000000c82bb000, 0x00000000f0000000)
   the space 46508K,  69% used [0x00000000c5550000, 0x00000000c74d6ca0, 0x00000000c74d6e00, 0x00000000c82bb000)
 compacting perm gen  total 69568K, used 69551K [0x00000000f0000000, 0x00000000f43f0000, 0x0000000100000000)
   the space 69568K,  99% used [0x00000000f0000000, 0x00000000f43ebf08, 0x00000000f43ec000, 0x00000000f43f0000)
No shared spaces configured.
}
Event: 705.911 GC heap before
{Heap before GC invocations=137 (full 9):
 def new generation   total 20992K, used 19237K [0x00000000b0000000, 0x00000000b16c0000, 0x00000000c5550000)
  eden space 18688K, 100% used [0x00000000b0000000, 0x00000000b1240000, 0x00000000b1240000)
  from space 2304K,  23% used [0x00000000b1480000, 0x00000000b1509600, 0x00000000b16c0000)
  to   space 2304K,   0% used [0x00000000b1240000, 0x00000000b1240000, 0x00000000b1480000)
 tenured generation   total 46508K, used 32283K [0x00000000c5550000, 0x00000000c82bb000, 0x00000000f0000000)
   the space 46508K,  69% used [0x00000000c5550000, 0x00000000c74d6ca0, 0x00000000c74d6e00, 0x00000000c82bb000)
 compacting perm gen  total 70208K, used 69984K [0x00000000f0000000, 0x00000000f4490000, 0x0000000100000000)
   the space 70208K,  99% used [0x00000000f0000000, 0x00000000f44580d8, 0x00000000f4458200, 0x00000000f4490000)
No shared spaces configured.
Event: 705.930 GC heap after
Heap after GC invocations=138 (full 9):
 def new generation   total 20992K, used 1260K [0x00000000b0000000, 0x00000000b16c0000, 0x00000000c5550000)
  eden space 18688K,   0% used [0x00000000b0000000, 0x00000000b0000000, 0x00000000b1240000)
  from space 2304K,  54% used [0x00000000b1240000, 0x00000000b137b140, 0x00000000b1480000)
  to   space 2304K,   0% used [0x00000000b1480000, 0x00000000b1480000, 0x00000000b16c0000)
 tenured generation   total 46508K, used 32283K [0x00000000c5550000, 0x00000000c82bb000, 0x00000000f0000000)
   the space 46508K,  69% used [0x00000000c5550000, 0x00000000c74d6ca0, 0x00000000c74d6e00, 0x00000000c82bb000)
 compacting perm gen  total 70208K, used 69984K [0x00000000f0000000, 0x00000000f4490000, 0x0000000100000000)
   the space 70208K,  99% used [0x00000000f0000000, 0x00000000f44580d8, 0x00000000f4458200, 0x00000000f4490000)
No shared spaces configured.
}
Event: 710.606 GC heap before
{Heap before GC invocations=138 (full 9):
 def new generation   total 20992K, used 19807K [0x00000000b0000000, 0x00000000b16c0000, 0x00000000c5550000)
  eden space 18688K,  99% used [0x00000000b0000000, 0x00000000b121cdd8, 0x00000000b1240000)
  from space 2304K,  54% used [0x00000000b1240000, 0x00000000b137b140, 0x00000000b1480000)
  to   space 2304K,   0% used [0x00000000b1480000, 0x00000000b1480000, 0x00000000b16c0000)
 tenured generation   total 46508K, used 32283K [0x00000000c5550000, 0x00000000c82bb000, 0x00000000f0000000)
   the space 46508K,  69% used [0x00000000c5550000, 0x00000000c74d6ca0, 0x00000000c74d6e00, 0x00000000c82bb000)
 compacting perm gen  total 70528K, used 70210K [0x00000000f0000000, 0x00000000f44e0000, 0x0000000100000000)
   the space 70528K,  99% used [0x00000000f0000000, 0x00000000f4490bc0, 0x00000000f4490c00, 0x00000000f44e0000)
No shared spaces configured.
Event: 710.675 GC heap after
Heap after GC invocations=139 (full 9):
 def new generation   total 20992K, used 2304K [0x00000000b0000000, 0x00000000b16c0000, 0x00000000c5550000)
  eden space 18688K,   0% used [0x00000000b0000000, 0x00000000b0000000, 0x00000000b1240000)
  from space 2304K, 100% used [0x00000000b1480000, 0x00000000b16c0000, 0x00000000b16c0000)
  to   space 2304K,   0% used [0x00000000b1240000, 0x00000000b1240000, 0x00000000b1480000)
 tenured generation   total 46508K, used 41205K [0x00000000c5550000, 0x00000000c82bb000, 0x00000000f0000000)
   the space 46508K,  88% used [0x00000000c5550000, 0x00000000c7d8d600, 0x00000000c7d8d600, 0x00000000c82bb000)
 compacting perm gen  total 70528K, used 70210K [0x00000000f0000000, 0x00000000f44e0000, 0x0000000100000000)
   the space 70528K,  99% used [0x00000000f0000000, 0x00000000f4490bc0, 0x00000000f4490c00, 0x00000000f44e0000)
No shared spaces configured.
}
Event: 710.793 GC heap before
{Heap before GC invocations=139 (full 9):
 def new generation   total 20992K, used 20593K [0x00000000b0000000, 0x00000000b16c0000, 0x00000000c5550000)
  eden space 18688K,  97% used [0x00000000b0000000, 0x00000000b11dc7f0, 0x00000000b1240000)
  from space 2304K, 100% used [0x00000000b1480000, 0x00000000b16c0000, 0x00000000b16c0000)
  to   space 2304K,   0% used [0x00000000b1240000, 0x00000000b1240000, 0x00000000b1480000)
 tenured generation   total 46508K, used 41205K [0x00000000c5550000, 0x00000000c82bb000, 0x00000000f0000000)
   the space 46508K,  88% used [0x00000000c5550000, 0x00000000c7d8d600, 0x00000000c7d8d600, 0x00000000c82bb000)
 compacting perm gen  total 70528K, used 70210K [0x00000000f0000000, 0x00000000f44e0000, 0x0000000100000000)
   the space 70528K,  99% used [0x00000000f0000000, 0x00000000f4490bc0, 0x00000000f4490c00, 0x00000000f44e0000)
No shared spaces configured.
Event: 711.644 GC heap after
Heap after GC invocations=140 (full 10):
 def new generation   total 28480K, used 0K [0x00000000b0000000, 0x00000000b1ee0000, 0x00000000c5550000)
  eden space 25344K,   0% used [0x00000000b0000000, 0x00000000b0000000, 0x00000000b18c0000)
  from space 3136K,   0% used [0x00000000b18c0000, 0x00000000b18c0000, 0x00000000b1bd0000)
  to   space 3136K,   0% used [0x00000000b1bd0000, 0x00000000b1bd0000, 0x00000000b1ee0000)
 tenured generation   total 63140K, used 37881K [0x00000000c5550000, 0x00000000c92f9000, 0x00000000f0000000)
   the space 63140K,  59% used [0x00000000c5550000, 0x00000000c7a4e730, 0x00000000c7a4e800, 0x00000000c92f9000)
 compacting perm gen  total 70272K, used 70210K [0x00000000f0000000, 0x00000000f44a0000, 0x0000000100000000)
   the space 70272K,  99% used [0x00000000f0000000, 0x00000000f4490bc0, 0x00000000f4490c00, 0x00000000f44a0000)
No shared spaces configured.
}
Event: 711.907 GC heap before
{Heap before GC invocations=140 (full 10):
 def new generation   total 28480K, used 23919K [0x00000000b0000000, 0x00000000b1ee0000, 0x00000000c5550000)
  eden space 25344K,  94% used [0x00000000b0000000, 0x00000000b175bc28, 0x00000000b18c0000)
  from space 3136K,   0% used [0x00000000b18c0000, 0x00000000b18c0000, 0x00000000b1bd0000)
  to   space 3136K,   0% used [0x00000000b1bd0000, 0x00000000b1bd0000, 0x00000000b1ee0000)
 tenured generation   total 63140K, used 37881K [0x00000000c5550000, 0x00000000c92f9000, 0x00000000f0000000)
   the space 63140K,  59% used [0x00000000c5550000, 0x00000000c7a4e730, 0x00000000c7a4e800, 0x00000000c92f9000)
 compacting perm gen  total 70272K, used 70210K [0x00000000f0000000, 0x00000000f44a0000, 0x0000000100000000)
   the space 70272K,  99% used [0x00000000f0000000, 0x00000000f4490bc0, 0x00000000f4490c00, 0x00000000f44a0000)
No shared spaces configured.
Event: 712.212 GC heap after
Heap after GC invocations=141 (full 10):
 def new generation   total 28480K, used 2940K [0x00000000b0000000, 0x00000000b1ee0000, 0x00000000c5550000)
  eden space 25344K,   0% used [0x00000000b0000000, 0x00000000b0000000, 0x00000000b18c0000)
  from space 3136K,  93% used [0x00000000b1bd0000, 0x00000000b1eaf148, 0x00000000b1ee0000)
  to   space 3136K,   0% used [0x00000000b18c0000, 0x00000000b18c0000, 0x00000000b1bd0000)
 tenured generation   total 63140K, used 51014K [0x00000000c5550000, 0x00000000c92f9000, 0x00000000f0000000)
   the space 63140K,  80% used [0x00000000c5550000, 0x00000000c8721b10, 0x00000000c8721c00, 0x00000000c92f9000)
 compacting perm gen  total 70272K, used 70210K [0x00000000f0000000, 0x00000000f44a0000, 0x0000000100000000)
   the space 70272K,  99% used [0x00000000f0000000, 0x00000000f4490bc0, 0x00000000f4490c00, 0x00000000f44a0000)
No shared spaces configured.
}
Event: 717.481 GC heap before
{Heap before GC invocations=141 (full 10):
 def new generation   total 28480K, used 28284K [0x00000000b0000000, 0x00000000b1ee0000, 0x00000000c5550000)
  eden space 25344K, 100% used [0x00000000b0000000, 0x00000000b18c0000, 0x00000000b18c0000)
  from space 3136K,  93% used [0x00000000b1bd0000, 0x00000000b1eaf148, 0x00000000b1ee0000)
  to   space 3136K,   0% used [0x00000000b18c0000, 0x00000000b18c0000, 0x00000000b1bd0000)
 tenured generation   total 63140K, used 51014K [0x00000000c5550000, 0x00000000c92f9000, 0x00000000f0000000)
   the space 63140K,  80% used [0x00000000c5550000, 0x00000000c8721b10, 0x00000000c8721c00, 0x00000000c92f9000)
 compacting perm gen  total 70272K, used 70251K [0x00000000f0000000, 0x00000000f44a0000, 0x0000000100000000)
   the space 70272K,  99% used [0x00000000f0000000, 0x00000000f449ac08, 0x00000000f449ae00, 0x00000000f44a0000)
No shared spaces configured.

