# JRE version: OpenJDK Runtime Environment (7.0_121) (build 1.7.0_121-b00)
# Java VM: OpenJDK 64-Bit Server VM (24.121-b00 mixed mode linux-amd64 compressed oops)
Heap
 def new generation   total 25664K, used 25406K [0x00000000b0000000, 0x00000000b1bd0000, 0x00000000c5550000)
  eden space 22848K,  98% used [0x00000000b0000000, 0x00000000b160f9f8, 0x00000000b1650000)
  from space 2816K,  99% used [0x00000000b1910000, 0x00000000b1bcfff8, 0x00000000b1bd0000)
  to   space 2816K,  76% used [0x00000000b1650000, 0x00000000b1867278, 0x00000000b1910000)
 tenured generation   total 56824K, used 56100K [0x00000000c5550000, 0x00000000c8cce000, 0x00000000f0000000)
   the space 56824K,  98% used [0x00000000c5550000, 0x00000000c8c191a8, 0x00000000c8c19200, 0x00000000c8cce000)
 compacting perm gen  total 70208K, used 69982K [0x00000000f0000000, 0x00000000f4490000, 0x0000000100000000)
   the space 70208K,  99% used [0x00000000f0000000, 0x00000000f4457b90, 0x00000000f4457c00, 0x00000000f4490000)
GC Heap History (10 events):
Event: 289.462 GC heap after
Heap after GC invocations=149 (full 10):
 def new generation   total 14336K, used 980K [0x00000000b0000000, 0x00000000b0f80000, 0x00000000c5550000)
  eden space 12800K,   0% used [0x00000000b0000000, 0x00000000b0000000, 0x00000000b0c80000)
  from space 1536K,  63% used [0x00000000b0e00000, 0x00000000b0ef5268, 0x00000000b0f80000)
  to   space 1536K,   0% used [0x00000000b0c80000, 0x00000000b0c80000, 0x00000000b0e00000)
 tenured generation   total 31644K, used 29766K [0x00000000c5550000, 0x00000000c7437000, 0x00000000f0000000)
   the space 31644K,  94% used [0x00000000c5550000, 0x00000000c7261b38, 0x00000000c7261c00, 0x00000000c7437000)
 compacting perm gen  total 69248K, used 69024K [0x00000000f0000000, 0x00000000f43a0000, 0x0000000100000000)
   the space 69248K,  99% used [0x00000000f0000000, 0x00000000f43681e0, 0x00000000f4368200, 0x00000000f43a0000)
No shared spaces configured.
}
Event: 289.488 GC heap before
{Heap before GC invocations=149 (full 10):
 def new generation   total 14336K, used 12703K [0x00000000b0000000, 0x00000000b0f80000, 0x00000000c5550000)
  eden space 12800K,  91% used [0x00000000b0000000, 0x00000000b0b729e8, 0x00000000b0c80000)
  from space 1536K,  63% used [0x00000000b0e00000, 0x00000000b0ef5268, 0x00000000b0f80000)
  to   space 1536K,   0% used [0x00000000b0c80000, 0x00000000b0c80000, 0x00000000b0e00000)
 tenured generation   total 31644K, used 29766K [0x00000000c5550000, 0x00000000c7437000, 0x00000000f0000000)
   the space 31644K,  94% used [0x00000000c5550000, 0x00000000c7261b38, 0x00000000c7261c00, 0x00000000c7437000)
 compacting perm gen  total 69248K, used 69025K [0x00000000f0000000, 0x00000000f43a0000, 0x0000000100000000)
   the space 69248K,  99% used [0x00000000f0000000, 0x00000000f43684a8, 0x00000000f4368600, 0x00000000f43a0000)
No shared spaces configured.
Event: 289.700 GC heap after
Heap after GC invocations=150 (full 11):
 def new generation   total 25664K, used 0K [0x00000000b0000000, 0x00000000b1bd0000, 0x00000000c5550000)
  eden space 22848K,   0% used [0x00000000b0000000, 0x00000000b0000000, 0x00000000b1650000)
  from space 2816K,   0% used [0x00000000b1650000, 0x00000000b1650000, 0x00000000b1910000)
  to   space 2816K,   0% used [0x00000000b1910000, 0x00000000b1910000, 0x00000000b1bd0000)
 tenured generation   total 56824K, used 34093K [0x00000000c5550000, 0x00000000c8cce000, 0x00000000f0000000)
   the space 56824K,  59% used [0x00000000c5550000, 0x00000000c769b6a8, 0x00000000c769b800, 0x00000000c8cce000)
 compacting perm gen  total 69248K, used 69025K [0x00000000f0000000, 0x00000000f43a0000, 0x0000000100000000)
   the space 69248K,  99% used [0x00000000f0000000, 0x00000000f43684a8, 0x00000000f4368600, 0x00000000f43a0000)
No shared spaces configured.
}
Event: 290.349 GC heap before
{Heap before GC invocations=150 (full 11):
 def new generation   total 25664K, used 22848K [0x00000000b0000000, 0x00000000b1bd0000, 0x00000000c5550000)
  eden space 22848K, 100% used [0x00000000b0000000, 0x00000000b1650000, 0x00000000b1650000)
  from space 2816K,   0% used [0x00000000b1650000, 0x00000000b1650000, 0x00000000b1910000)
  to   space 2816K,   0% used [0x00000000b1910000, 0x00000000b1910000, 0x00000000b1bd0000)
 tenured generation   total 56824K, used 34093K [0x00000000c5550000, 0x00000000c8cce000, 0x00000000f0000000)
   the space 56824K,  59% used [0x00000000c5550000, 0x00000000c769b6a8, 0x00000000c769b800, 0x00000000c8cce000)
 compacting perm gen  total 69248K, used 69235K [0x00000000f0000000, 0x00000000f43a0000, 0x0000000100000000)
   the space 69248K,  99% used [0x00000000f0000000, 0x00000000f439ce50, 0x00000000f439d000, 0x00000000f43a0000)
No shared spaces configured.
Event: 290.753 GC heap after
Heap after GC invocations=151 (full 11):
 def new generation   total 25664K, used 1333K [0x00000000b0000000, 0x00000000b1bd0000, 0x00000000c5550000)
  eden space 22848K,   0% used [0x00000000b0000000, 0x00000000b0000000, 0x00000000b1650000)
  from space 2816K,  47% used [0x00000000b1910000, 0x00000000b1a5d508, 0x00000000b1bd0000)
  to   space 2816K,   0% used [0x00000000b1650000, 0x00000000b1650000, 0x00000000b1910000)
 tenured generation   total 56824K, used 42850K [0x00000000c5550000, 0x00000000c8cce000, 0x00000000f0000000)
   the space 56824K,  75% used [0x00000000c5550000, 0x00000000c7f28b68, 0x00000000c7f28c00, 0x00000000c8cce000)
 compacting perm gen  total 69248K, used 69235K [0x00000000f0000000, 0x00000000f43a0000, 0x0000000100000000)
   the space 69248K,  99% used [0x00000000f0000000, 0x00000000f439ce50, 0x00000000f439d000, 0x00000000f43a0000)
No shared spaces configured.
}
Event: 516.935 GC heap before
{Heap before GC invocations=151 (full 11):
 def new generation   total 25664K, used 21523K [0x00000000b0000000, 0x00000000b1bd0000, 0x00000000c5550000)
  eden space 22848K,  88% used [0x00000000b0000000, 0x00000000b13b7a80, 0x00000000b1650000)
  from space 2816K,  47% used [0x00000000b1910000, 0x00000000b1a5d508, 0x00000000b1bd0000)
  to   space 2816K,   0% used [0x00000000b1650000, 0x00000000b1650000, 0x00000000b1910000)
 tenured generation   total 56824K, used 42850K [0x00000000c5550000, 0x00000000c8cce000, 0x00000000f0000000)
   the space 56824K,  75% used [0x00000000c5550000, 0x00000000c7f28b68, 0x00000000c7f28c00, 0x00000000c8cce000)
 compacting perm gen  total 69568K, used 69527K [0x00000000f0000000, 0x00000000f43f0000, 0x0000000100000000)
   the space 69568K,  99% used [0x00000000f0000000, 0x00000000f43e5e80, 0x00000000f43e6000, 0x00000000f43f0000)
No shared spaces configured.
Event: 516.943 GC heap after
Heap after GC invocations=152 (full 11):
 def new generation   total 25664K, used 2006K [0x00000000b0000000, 0x00000000b1bd0000, 0x00000000c5550000)
  eden space 22848K,   0% used [0x00000000b0000000, 0x00000000b0000000, 0x00000000b1650000)
  from space 2816K,  71% used [0x00000000b1650000, 0x00000000b1845b08, 0x00000000b1910000)
  to   space 2816K,   0% used [0x00000000b1910000, 0x00000000b1910000, 0x00000000b1bd0000)
 tenured generation   total 56824K, used 42850K [0x00000000c5550000, 0x00000000c8cce000, 0x00000000f0000000)
   the space 56824K,  75% used [0x00000000c5550000, 0x00000000c7f28b68, 0x00000000c7f28c00, 0x00000000c8cce000)
 compacting perm gen  total 69568K, used 69527K [0x00000000f0000000, 0x00000000f43f0000, 0x0000000100000000)
   the space 69568K,  99% used [0x00000000f0000000, 0x00000000f43e5e80, 0x00000000f43e6000, 0x00000000f43f0000)
No shared spaces configured.
}
Event: 524.509 GC heap before
{Heap before GC invocations=152 (full 11):
 def new generation   total 25664K, used 24851K [0x00000000b0000000, 0x00000000b1bd0000, 0x00000000c5550000)
  eden space 22848K,  99% used [0x00000000b0000000, 0x00000000b164f200, 0x00000000b1650000)
  from space 2816K,  71% used [0x00000000b1650000, 0x00000000b1845b08, 0x00000000b1910000)
  to   space 2816K,   0% used [0x00000000b1910000, 0x00000000b1910000, 0x00000000b1bd0000)
 tenured generation   total 56824K, used 42850K [0x00000000c5550000, 0x00000000c8cce000, 0x00000000f0000000)
   the space 56824K,  75% used [0x00000000c5550000, 0x00000000c7f28b68, 0x00000000c7f28c00, 0x00000000c8cce000)
 compacting perm gen  total 70208K, used 69979K [0x00000000f0000000, 0x00000000f4490000, 0x0000000100000000)
   the space 70208K,  99% used [0x00000000f0000000, 0x00000000f4456f20, 0x00000000f4457000, 0x00000000f4490000)
No shared spaces configured.
Event: 524.799 GC heap after
Heap after GC invocations=153 (full 11):
 def new generation   total 25664K, used 2815K [0x00000000b0000000, 0x00000000b1bd0000, 0x00000000c5550000)
  eden space 22848K,   0% used [0x00000000b0000000, 0x00000000b0000000, 0x00000000b1650000)
  from space 2816K,  99% used [0x00000000b1910000, 0x00000000b1bcfff8, 0x00000000b1bd0000)
  to   space 2816K,   0% used [0x00000000b1650000, 0x00000000b1650000, 0x00000000b1910000)
 tenured generation   total 56824K, used 49477K [0x00000000c5550000, 0x00000000c8cce000, 0x00000000f0000000)
   the space 56824K,  87% used [0x00000000c5550000, 0x00000000c85a1520, 0x00000000c85a1600, 0x00000000c8cce000)
 compacting perm gen  total 70208K, used 69979K [0x00000000f0000000, 0x00000000f4490000, 0x0000000100000000)
   the space 70208K,  99% used [0x00000000f0000000, 0x00000000f4456f20, 0x00000000f4457000, 0x00000000f4490000)
No shared spaces configured.
}
Event: 527.077 GC heap before
{Heap before GC invocations=153 (full 11):
 def new generation   total 25664K, used 25406K [0x00000000b0000000, 0x00000000b1bd0000, 0x00000000c5550000)
  eden space 22848K,  98% used [0x00000000b0000000, 0x00000000b160f9f8, 0x00000000b1650000)
  from space 2816K,  99% used [0x00000000b1910000, 0x00000000b1bcfff8, 0x00000000b1bd0000)
  to   space 2816K,   0% used [0x00000000b1650000, 0x00000000b1650000, 0x00000000b1910000)
 tenured generation   total 56824K, used 49477K [0x00000000c5550000, 0x00000000c8cce000, 0x00000000f0000000)
   the space 56824K,  87% used [0x00000000c5550000, 0x00000000c85a1520, 0x00000000c85a1600, 0x00000000c8cce000)
 compacting perm gen  total 70208K, used 69982K [0x00000000f0000000, 0x00000000f4490000, 0x0000000100000000)
   the space 70208K,  99% used [0x00000000f0000000, 0x00000000f4457b90, 0x00000000f4457c00, 0x00000000f4490000)
No shared spaces configured.

