# JRE version: OpenJDK Runtime Environment (7.0_121) (build 1.7.0_121-b00)
# Java VM: OpenJDK 64-Bit Server VM (24.121-b00 mixed mode linux-amd64 compressed oops)
Heap
 def new generation   total 64128K, used 64036K [0x00000000b0000000, 0x00000000b4590000, 0x00000000c5550000)
  eden space 57024K,  99% used [0x00000000b0000000, 0x00000000b37aabc8, 0x00000000b37b0000)
  from space 7104K,  99% used [0x00000000b3ea0000, 0x00000000b457e788, 0x00000000b4590000)
  to   space 7104K, 100% used [0x00000000b37b0000, 0x00000000b3ea0000, 0x00000000b3ea0000)
 tenured generation   total 152212K, used 152190K [0x00000000c5550000, 0x00000000ce9f5000, 0x00000000f0000000)
   the space 152212K,  99% used [0x00000000c5550000, 0x00000000ce9ef8a8, 0x00000000ce9efa00, 0x00000000ce9f5000)
 compacting perm gen  total 75072K, used 74767K [0x00000000f0000000, 0x00000000f4950000, 0x0000000100000000)
   the space 75072K,  99% used [0x00000000f0000000, 0x00000000f4903f40, 0x00000000f4904000, 0x00000000f4950000)
GC Heap History (10 events):
Event: 5024.877 GC heap after
Heap after GC invocations=378 (full 47):
 def new generation   total 64128K, used 947K [0x00000000b0000000, 0x00000000b4590000, 0x00000000c5550000)
  eden space 57024K,   0% used [0x00000000b0000000, 0x00000000b0000000, 0x00000000b37b0000)
  from space 7104K,  13% used [0x00000000b3ea0000, 0x00000000b3f8cca0, 0x00000000b4590000)
  to   space 7104K,   0% used [0x00000000b37b0000, 0x00000000b37b0000, 0x00000000b3ea0000)
 tenured generation   total 142300K, used 78061K [0x00000000c5550000, 0x00000000ce047000, 0x00000000f0000000)
   the space 142300K,  54% used [0x00000000c5550000, 0x00000000ca18b760, 0x00000000ca18b800, 0x00000000ce047000)
 compacting perm gen  total 74752K, used 74747K [0x00000000f0000000, 0x00000000f4900000, 0x0000000100000000)
   the space 74752K,  99% used [0x00000000f0000000, 0x00000000f48fec88, 0x00000000f48fee00, 0x00000000f4900000)
No shared spaces configured.
}
Event: 5027.234 GC heap before
{Heap before GC invocations=378 (full 47):
 def new generation   total 64128K, used 57444K [0x00000000b0000000, 0x00000000b4590000, 0x00000000c5550000)
  eden space 57024K,  99% used [0x00000000b0000000, 0x00000000b372c548, 0x00000000b37b0000)
  from space 7104K,  13% used [0x00000000b3ea0000, 0x00000000b3f8cca0, 0x00000000b4590000)
  to   space 7104K,   0% used [0x00000000b37b0000, 0x00000000b37b0000, 0x00000000b3ea0000)
 tenured generation   total 142300K, used 78061K [0x00000000c5550000, 0x00000000ce047000, 0x00000000f0000000)
   the space 142300K,  54% used [0x00000000c5550000, 0x00000000ca18b760, 0x00000000ca18b800, 0x00000000ce047000)
 compacting perm gen  total 75072K, used 74754K [0x00000000f0000000, 0x00000000f4950000, 0x0000000100000000)
   the space 75072K,  99% used [0x00000000f0000000, 0x00000000f4900b78, 0x00000000f4900c00, 0x00000000f4950000)
No shared spaces configured.
Event: 5027.256 GC heap after
Heap after GC invocations=379 (full 47):
 def new generation   total 64128K, used 7104K [0x00000000b0000000, 0x00000000b4590000, 0x00000000c5550000)
  eden space 57024K,   0% used [0x00000000b0000000, 0x00000000b0000000, 0x00000000b37b0000)
  from space 7104K, 100% used [0x00000000b37b0000, 0x00000000b3ea0000, 0x00000000b3ea0000)
  to   space 7104K,   0% used [0x00000000b3ea0000, 0x00000000b3ea0000, 0x00000000b4590000)
 tenured generation   total 142300K, used 86763K [0x00000000c5550000, 0x00000000ce047000, 0x00000000f0000000)
   the space 142300K,  60% used [0x00000000c5550000, 0x00000000caa0ae70, 0x00000000caa0b000, 0x00000000ce047000)
 compacting perm gen  total 75072K, used 74754K [0x00000000f0000000, 0x00000000f4950000, 0x0000000100000000)
   the space 75072K,  99% used [0x00000000f0000000, 0x00000000f4900b78, 0x00000000f4900c00, 0x00000000f4950000)
No shared spaces configured.
}
Event: 5027.343 GC heap before
{Heap before GC invocations=379 (full 47):
 def new generation   total 64128K, used 63854K [0x00000000b0000000, 0x00000000b4590000, 0x00000000c5550000)
  eden space 57024K,  99% used [0x00000000b0000000, 0x00000000b376b8f0, 0x00000000b37b0000)
  from space 7104K, 100% used [0x00000000b37b0000, 0x00000000b3ea0000, 0x00000000b3ea0000)
  to   space 7104K,   0% used [0x00000000b3ea0000, 0x00000000b3ea0000, 0x00000000b4590000)
 tenured generation   total 142300K, used 86763K [0x00000000c5550000, 0x00000000ce047000, 0x00000000f0000000)
   the space 142300K,  60% used [0x00000000c5550000, 0x00000000caa0ae70, 0x00000000caa0b000, 0x00000000ce047000)
 compacting perm gen  total 75072K, used 74754K [0x00000000f0000000, 0x00000000f4950000, 0x0000000100000000)
   the space 75072K,  99% used [0x00000000f0000000, 0x00000000f4900b78, 0x00000000f4900c00, 0x00000000f4950000)
No shared spaces configured.
Event: 5027.366 GC heap after
Heap after GC invocations=380 (full 47):
 def new generation   total 64128K, used 4997K [0x00000000b0000000, 0x00000000b4590000, 0x00000000c5550000)
  eden space 57024K,   0% used [0x00000000b0000000, 0x00000000b0000000, 0x00000000b37b0000)
  from space 7104K,  70% used [0x00000000b3ea0000, 0x00000000b4381568, 0x00000000b4590000)
  to   space 7104K,   0% used [0x00000000b37b0000, 0x00000000b37b0000, 0x00000000b3ea0000)
 tenured generation   total 142300K, used 107749K [0x00000000c5550000, 0x00000000ce047000, 0x00000000f0000000)
   the space 142300K,  75% used [0x00000000c5550000, 0x00000000cbe896a8, 0x00000000cbe89800, 0x00000000ce047000)
 compacting perm gen  total 75072K, used 74754K [0x00000000f0000000, 0x00000000f4950000, 0x0000000100000000)
   the space 75072K,  99% used [0x00000000f0000000, 0x00000000f4900b78, 0x00000000f4900c00, 0x00000000f4950000)
No shared spaces configured.
}
Event: 5358.518 GC heap before
{Heap before GC invocations=380 (full 47):
 def new generation   total 64128K, used 61711K [0x00000000b0000000, 0x00000000b4590000, 0x00000000c5550000)
  eden space 57024K,  99% used [0x00000000b0000000, 0x00000000b3762810, 0x00000000b37b0000)
  from space 7104K,  70% used [0x00000000b3ea0000, 0x00000000b4381568, 0x00000000b4590000)
  to   space 7104K,   0% used [0x00000000b37b0000, 0x00000000b37b0000, 0x00000000b3ea0000)
 tenured generation   total 142300K, used 107749K [0x00000000c5550000, 0x00000000ce047000, 0x00000000f0000000)
   the space 142300K,  75% used [0x00000000c5550000, 0x00000000cbe896a8, 0x00000000cbe89800, 0x00000000ce047000)
 compacting perm gen  total 75072K, used 74766K [0x00000000f0000000, 0x00000000f4950000, 0x0000000100000000)
   the space 75072K,  99% used [0x00000000f0000000, 0x00000000f4903958, 0x00000000f4903a00, 0x00000000f4950000)
No shared spaces configured.
Event: 5358.714 GC heap after
Heap after GC invocations=381 (full 47):
 def new generation   total 64128K, used 7104K [0x00000000b0000000, 0x00000000b4590000, 0x00000000c5550000)
  eden space 57024K,   0% used [0x00000000b0000000, 0x00000000b0000000, 0x00000000b37b0000)
  from space 7104K, 100% used [0x00000000b37b0000, 0x00000000b3ea0000, 0x00000000b3ea0000)
  to   space 7104K,   0% used [0x00000000b3ea0000, 0x00000000b3ea0000, 0x00000000b4590000)
 tenured generation   total 142300K, used 114509K [0x00000000c5550000, 0x00000000ce047000, 0x00000000f0000000)
   the space 142300K,  80% used [0x00000000c5550000, 0x00000000cc523608, 0x00000000cc523800, 0x00000000ce047000)
 compacting perm gen  total 75072K, used 74766K [0x00000000f0000000, 0x00000000f4950000, 0x0000000100000000)
   the space 75072K,  99% used [0x00000000f0000000, 0x00000000f4903958, 0x00000000f4903a00, 0x00000000f4950000)
No shared spaces configured.
}
Event: 5359.072 GC heap before
{Heap before GC invocations=381 (full 47):
 def new generation   total 64128K, used 64128K [0x00000000b0000000, 0x00000000b4590000, 0x00000000c5550000)
  eden space 57024K, 100% used [0x00000000b0000000, 0x00000000b37b0000, 0x00000000b37b0000)
  from space 7104K, 100% used [0x00000000b37b0000, 0x00000000b3ea0000, 0x00000000b3ea0000)
  to   space 7104K,   0% used [0x00000000b3ea0000, 0x00000000b3ea0000, 0x00000000b4590000)
 tenured generation   total 142300K, used 114509K [0x00000000c5550000, 0x00000000ce047000, 0x00000000f0000000)
   the space 142300K,  80% used [0x00000000c5550000, 0x00000000cc523608, 0x00000000cc523800, 0x00000000ce047000)
 compacting perm gen  total 75072K, used 74766K [0x00000000f0000000, 0x00000000f4950000, 0x0000000100000000)
   the space 75072K,  99% used [0x00000000f0000000, 0x00000000f4903958, 0x00000000f4903a00, 0x00000000f4950000)
No shared spaces configured.
Event: 5359.462 GC heap after
Heap after GC invocations=382 (full 47):
 def new generation   total 64128K, used 7033K [0x00000000b0000000, 0x00000000b4590000, 0x00000000c5550000)
  eden space 57024K,   0% used [0x00000000b0000000, 0x00000000b0000000, 0x00000000b37b0000)
  from space 7104K,  99% used [0x00000000b3ea0000, 0x00000000b457e788, 0x00000000b4590000)
  to   space 7104K,   0% used [0x00000000b37b0000, 0x00000000b37b0000, 0x00000000b3ea0000)
 tenured generation   total 142300K, used 139573K [0x00000000c5550000, 0x00000000ce047000, 0x00000000f0000000)
   the space 142300K,  98% used [0x00000000c5550000, 0x00000000cdd9d438, 0x00000000cdd9d600, 0x00000000ce047000)
 compacting perm gen  total 75072K, used 74766K [0x00000000f0000000, 0x00000000f4950000, 0x0000000100000000)
   the space 75072K,  99% used [0x00000000f0000000, 0x00000000f4903958, 0x00000000f4903a00, 0x00000000f4950000)
No shared spaces configured.
}
Event: 5406.756 GC heap before
{Heap before GC invocations=382 (full 47):
 def new generation   total 64128K, used 64036K [0x00000000b0000000, 0x00000000b4590000, 0x00000000c5550000)
  eden space 57024K,  99% used [0x00000000b0000000, 0x00000000b37aabc8, 0x00000000b37b0000)
  from space 7104K,  99% used [0x00000000b3ea0000, 0x00000000b457e788, 0x00000000b4590000)
  to   space 7104K,   0% used [0x00000000b37b0000, 0x00000000b37b0000, 0x00000000b3ea0000)
 tenured generation   total 142300K, used 139573K [0x00000000c5550000, 0x00000000ce047000, 0x00000000f0000000)
   the space 142300K,  98% used [0x00000000c5550000, 0x00000000cdd9d438, 0x00000000cdd9d600, 0x00000000ce047000)
 compacting perm gen  total 75072K, used 74767K [0x00000000f0000000, 0x00000000f4950000, 0x0000000100000000)
   the space 75072K,  99% used [0x00000000f0000000, 0x00000000f4903f40, 0x00000000f4904000, 0x00000000f4950000)
No shared spaces configured.

