# JRE version: OpenJDK Runtime Environment (7.0_121) (build 1.7.0_121-b00)
# Java VM: OpenJDK 64-Bit Server VM (24.121-b00 mixed mode linux-amd64 compressed oops)
Heap
 def new generation   total 4800K, used 3917K [0x00000000b0000000, 0x00000000b0530000, 0x00000000c5550000)
  eden space 4288K,  83% used [0x00000000b0000000, 0x00000000b037cec0, 0x00000000b0430000)
  from space 512K,  67% used [0x00000000b0430000, 0x00000000b0486800, 0x00000000b04b0000)
  to   space 512K,   0% used [0x00000000b04b0000, 0x00000000b04b0000, 0x00000000b0530000)
 tenured generation   total 10624K, used 5524K [0x00000000c5550000, 0x00000000c5fb0000, 0x00000000f0000000)
   the space 10624K,  51% used [0x00000000c5550000, 0x00000000c5ab5110, 0x00000000c5ab5200, 0x00000000c5fb0000)
 compacting perm gen  total 23808K, used 23807K [0x00000000f0000000, 0x00000000f1740000, 0x0000000100000000)
   the space 23808K,  99% used [0x00000000f0000000, 0x00000000f173fff0, 0x00000000f1740000, 0x00000000f1740000)
GC Heap History (10 events):
Event: 98.990 GC heap before
{Heap before GC invocations=29 (full 0):
 def new generation   total 4800K, used 4800K [0x00000000b0000000, 0x00000000b0530000, 0x00000000c5550000)
  eden space 4288K, 100% used [0x00000000b0000000, 0x00000000b0430000, 0x00000000b0430000)
  from space 512K, 100% used [0x00000000b04b0000, 0x00000000b0530000, 0x00000000b0530000)
  to   space 512K,   0% used [0x00000000b0430000, 0x00000000b0430000, 0x00000000b04b0000)
 tenured generation   total 10624K, used 4122K [0x00000000c5550000, 0x00000000c5fb0000, 0x00000000f0000000)
   the space 10624K,  38% used [0x00000000c5550000, 0x00000000c59569e0, 0x00000000c5956a00, 0x00000000c5fb0000)
 compacting perm gen  total 21248K, used 20439K [0x00000000f0000000, 0x00000000f14c0000, 0x0000000100000000)
   the space 21248K,  96% used [0x00000000f0000000, 0x00000000f13f5c60, 0x00000000f13f5e00, 0x00000000f14c0000)
No shared spaces configured.
Event: 98.991 GC heap after
Heap after GC invocations=30 (full 0):
 def new generation   total 4800K, used 511K [0x00000000b0000000, 0x00000000b0530000, 0x00000000c5550000)
  eden space 4288K,   0% used [0x00000000b0000000, 0x00000000b0000000, 0x00000000b0430000)
  from space 512K,  99% used [0x00000000b0430000, 0x00000000b04afea8, 0x00000000b04b0000)
  to   space 512K,   0% used [0x00000000b04b0000, 0x00000000b04b0000, 0x00000000b0530000)
 tenured generation   total 10624K, used 4312K [0x00000000c5550000, 0x00000000c5fb0000, 0x00000000f0000000)
   the space 10624K,  40% used [0x00000000c5550000, 0x00000000c5986050, 0x00000000c5986200, 0x00000000c5fb0000)
 compacting perm gen  total 21248K, used 20439K [0x00000000f0000000, 0x00000000f14c0000, 0x0000000100000000)
   the space 21248K,  96% used [0x00000000f0000000, 0x00000000f13f5c60, 0x00000000f13f5e00, 0x00000000f14c0000)
No shared spaces configured.
}
Event: 99.117 GC heap before
{Heap before GC invocations=30 (full 0):
 def new generation   total 4800K, used 4799K [0x00000000b0000000, 0x00000000b0530000, 0x00000000c5550000)
  eden space 4288K, 100% used [0x00000000b0000000, 0x00000000b0430000, 0x00000000b0430000)
  from space 512K,  99% used [0x00000000b0430000, 0x00000000b04afea8, 0x00000000b04b0000)
  to   space 512K,   0% used [0x00000000b04b0000, 0x00000000b04b0000, 0x00000000b0530000)
 tenured generation   total 10624K, used 4312K [0x00000000c5550000, 0x00000000c5fb0000, 0x00000000f0000000)
   the space 10624K,  40% used [0x00000000c5550000, 0x00000000c5986050, 0x00000000c5986200, 0x00000000c5fb0000)
 compacting perm gen  total 21888K, used 21686K [0x00000000f0000000, 0x00000000f1560000, 0x0000000100000000)
   the space 21888K,  99% used [0x00000000f0000000, 0x00000000f152d8d8, 0x00000000f152da00, 0x00000000f1560000)
No shared spaces configured.
Event: 99.119 GC heap after
Heap after GC invocations=31 (full 0):
 def new generation   total 4800K, used 511K [0x00000000b0000000, 0x00000000b0530000, 0x00000000c5550000)
  eden space 4288K,   0% used [0x00000000b0000000, 0x00000000b0000000, 0x00000000b0430000)
  from space 512K,  99% used [0x00000000b04b0000, 0x00000000b052fff8, 0x00000000b0530000)
  to   space 512K,   0% used [0x00000000b0430000, 0x00000000b0430000, 0x00000000b04b0000)
 tenured generation   total 10624K, used 4725K [0x00000000c5550000, 0x00000000c5fb0000, 0x00000000f0000000)
   the space 10624K,  44% used [0x00000000c5550000, 0x00000000c59ed5d0, 0x00000000c59ed600, 0x00000000c5fb0000)
 compacting perm gen  total 21888K, used 21686K [0x00000000f0000000, 0x00000000f1560000, 0x0000000100000000)
   the space 21888K,  99% used [0x00000000f0000000, 0x00000000f152d8d8, 0x00000000f152da00, 0x00000000f1560000)
No shared spaces configured.
}
Event: 99.215 GC heap before
{Heap before GC invocations=31 (full 0):
 def new generation   total 4800K, used 4799K [0x00000000b0000000, 0x00000000b0530000, 0x00000000c5550000)
  eden space 4288K, 100% used [0x00000000b0000000, 0x00000000b0430000, 0x00000000b0430000)
  from space 512K,  99% used [0x00000000b04b0000, 0x00000000b052fff8, 0x00000000b0530000)
  to   space 512K,   0% used [0x00000000b0430000, 0x00000000b0430000, 0x00000000b04b0000)
 tenured generation   total 10624K, used 4725K [0x00000000c5550000, 0x00000000c5fb0000, 0x00000000f0000000)
   the space 10624K,  44% used [0x00000000c5550000, 0x00000000c59ed5d0, 0x00000000c59ed600, 0x00000000c5fb0000)
 compacting perm gen  total 22848K, used 22591K [0x00000000f0000000, 0x00000000f1650000, 0x0000000100000000)
   the space 22848K,  98% used [0x00000000f0000000, 0x00000000f160fdf0, 0x00000000f160fe00, 0x00000000f1650000)
No shared spaces configured.
Event: 99.217 GC heap after
Heap after GC invocations=32 (full 0):
 def new generation   total 4800K, used 512K [0x00000000b0000000, 0x00000000b0530000, 0x00000000c5550000)
  eden space 4288K,   0% used [0x00000000b0000000, 0x00000000b0000000, 0x00000000b0430000)
  from space 512K, 100% used [0x00000000b0430000, 0x00000000b04b0000, 0x00000000b04b0000)
  to   space 512K,   0% used [0x00000000b04b0000, 0x00000000b04b0000, 0x00000000b0530000)
 tenured generation   total 10624K, used 5192K [0x00000000c5550000, 0x00000000c5fb0000, 0x00000000f0000000)
   the space 10624K,  48% used [0x00000000c5550000, 0x00000000c5a621b0, 0x00000000c5a62200, 0x00000000c5fb0000)
 compacting perm gen  total 22848K, used 22591K [0x00000000f0000000, 0x00000000f1650000, 0x0000000100000000)
   the space 22848K,  98% used [0x00000000f0000000, 0x00000000f160fdf0, 0x00000000f160fe00, 0x00000000f1650000)
No shared spaces configured.
}
Event: 99.312 GC heap before
{Heap before GC invocations=32 (full 0):
 def new generation   total 4800K, used 4800K [0x00000000b0000000, 0x00000000b0530000, 0x00000000c5550000)
  eden space 4288K, 100% used [0x00000000b0000000, 0x00000000b0430000, 0x00000000b0430000)
  from space 512K, 100% used [0x00000000b0430000, 0x00000000b04b0000, 0x00000000b04b0000)
  to   space 512K,   0% used [0x00000000b04b0000, 0x00000000b04b0000, 0x00000000b0530000)
 tenured generation   total 10624K, used 5192K [0x00000000c5550000, 0x00000000c5fb0000, 0x00000000f0000000)
   the space 10624K,  48% used [0x00000000c5550000, 0x00000000c5a621b0, 0x00000000c5a62200, 0x00000000c5fb0000)
 compacting perm gen  total 23488K, used 23309K [0x00000000f0000000, 0x00000000f16f0000, 0x0000000100000000)
   the space 23488K,  99% used [0x00000000f0000000, 0x00000000f16c3400, 0x00000000f16c3400, 0x00000000f16f0000)
No shared spaces configured.
Event: 99.316 GC heap after
Heap after GC invocations=33 (full 0):
 def new generation   total 4800K, used 511K [0x00000000b0000000, 0x00000000b0530000, 0x00000000c5550000)
  eden space 4288K,   0% used [0x00000000b0000000, 0x00000000b0000000, 0x00000000b0430000)
  from space 512K,  99% used [0x00000000b04b0000, 0x00000000b052ff60, 0x00000000b0530000)
  to   space 512K,   0% used [0x00000000b0430000, 0x00000000b0430000, 0x00000000b04b0000)
 tenured generation   total 10624K, used 5412K [0x00000000c5550000, 0x00000000c5fb0000, 0x00000000f0000000)
   the space 10624K,  50% used [0x00000000c5550000, 0x00000000c5a992a8, 0x00000000c5a99400, 0x00000000c5fb0000)
 compacting perm gen  total 23488K, used 23309K [0x00000000f0000000, 0x00000000f16f0000, 0x0000000100000000)
   the space 23488K,  99% used [0x00000000f0000000, 0x00000000f16c3400, 0x00000000f16c3400, 0x00000000f16f0000)
No shared spaces configured.
}
Event: 99.406 GC heap before
{Heap before GC invocations=33 (full 0):
 def new generation   total 4800K, used 4799K [0x00000000b0000000, 0x00000000b0530000, 0x00000000c5550000)
  eden space 4288K, 100% used [0x00000000b0000000, 0x00000000b0430000, 0x00000000b0430000)
  from space 512K,  99% used [0x00000000b04b0000, 0x00000000b052ff60, 0x00000000b0530000)
  to   space 512K,   0% used [0x00000000b0430000, 0x00000000b0430000, 0x00000000b04b0000)
 tenured generation   total 10624K, used 5412K [0x00000000c5550000, 0x00000000c5fb0000, 0x00000000f0000000)
   the space 10624K,  50% used [0x00000000c5550000, 0x00000000c5a992a8, 0x00000000c5a99400, 0x00000000c5fb0000)
 compacting perm gen  total 23808K, used 23653K [0x00000000f0000000, 0x00000000f1740000, 0x0000000100000000)
   the space 23808K,  99% used [0x00000000f0000000, 0x00000000f1719480, 0x00000000f1719600, 0x00000000f1740000)
No shared spaces configured.
Event: 99.409 GC heap after
Heap after GC invocations=34 (full 0):
 def new generation   total 4800K, used 346K [0x00000000b0000000, 0x00000000b0530000, 0x00000000c5550000)
  eden space 4288K,   0% used [0x00000000b0000000, 0x00000000b0000000, 0x00000000b0430000)
  from space 512K,  67% used [0x00000000b0430000, 0x00000000b0486800, 0x00000000b04b0000)
  to   space 512K,   0% used [0x00000000b04b0000, 0x00000000b04b0000, 0x00000000b0530000)
 tenured generation   total 10624K, used 5524K [0x00000000c5550000, 0x00000000c5fb0000, 0x00000000f0000000)
   the space 10624K,  51% used [0x00000000c5550000, 0x00000000c5ab5110, 0x00000000c5ab5200, 0x00000000c5fb0000)
 compacting perm gen  total 23808K, used 23653K [0x00000000f0000000, 0x00000000f1740000, 0x0000000100000000)
   the space 23808K,  99% used [0x00000000f0000000, 0x00000000f1719480, 0x00000000f1719600, 0x00000000f1740000)
No shared spaces configured.
}

