# JRE version: OpenJDK Runtime Environment (7.0_121) (build 1.7.0_121-b00)
# Java VM: OpenJDK 64-Bit Server VM (24.121-b00 mixed mode linux-amd64 compressed oops)
Heap
 def new generation   total 11200K, used 3525K [0x00000000b0000000, 0x00000000b0c20000, 0x00000000c5550000)
  eden space 9984K,  29% used [0x00000000b0000000, 0x00000000b02dacc8, 0x00000000b09c0000)
  from space 1216K,  49% used [0x00000000b09c0000, 0x00000000b0a56ad0, 0x00000000b0af0000)
  to   space 1216K,   0% used [0x00000000b0af0000, 0x00000000b0af0000, 0x00000000b0c20000)
 tenured generation   total 24784K, used 15295K [0x00000000c5550000, 0x00000000c6d84000, 0x00000000f0000000)
   the space 24784K,  61% used [0x00000000c5550000, 0x00000000c643fe60, 0x00000000c6440000, 0x00000000c6d84000)
 compacting perm gen  total 62528K, used 62527K [0x00000000f0000000, 0x00000000f3d10000, 0x0000000100000000)
   the space 62528K,  99% used [0x00000000f0000000, 0x00000000f3d0ffd0, 0x00000000f3d10000, 0x00000000f3d10000)
GC Heap History (10 events):
Event: 109.731 GC heap before
{Heap before GC invocations=128 (full 7):
 def new generation   total 11200K, used 10430K [0x00000000b0000000, 0x00000000b0c20000, 0x00000000c5550000)
  eden space 9984K, 100% used [0x00000000b0000000, 0x00000000b09c0000, 0x00000000b09c0000)
  from space 1216K,  36% used [0x00000000b0af0000, 0x00000000b0b5fbf8, 0x00000000b0c20000)
  to   space 1216K,   0% used [0x00000000b09c0000, 0x00000000b09c0000, 0x00000000b0af0000)
 tenured generation   total 24784K, used 14869K [0x00000000c5550000, 0x00000000c6d84000, 0x00000000f0000000)
   the space 24784K,  59% used [0x00000000c5550000, 0x00000000c63d5680, 0x00000000c63d5800, 0x00000000c6d84000)
 compacting perm gen  total 60608K, used 60528K [0x00000000f0000000, 0x00000000f3b30000, 0x0000000100000000)
   the space 60608K,  99% used [0x00000000f0000000, 0x00000000f3b1c060, 0x00000000f3b1c200, 0x00000000f3b30000)
No shared spaces configured.
Event: 109.740 GC heap after
Heap after GC invocations=129 (full 7):
 def new generation   total 11200K, used 775K [0x00000000b0000000, 0x00000000b0c20000, 0x00000000c5550000)
  eden space 9984K,   0% used [0x00000000b0000000, 0x00000000b0000000, 0x00000000b09c0000)
  from space 1216K,  63% used [0x00000000b09c0000, 0x00000000b0a81e18, 0x00000000b0af0000)
  to   space 1216K,   0% used [0x00000000b0af0000, 0x00000000b0af0000, 0x00000000b0c20000)
 tenured generation   total 24784K, used 14869K [0x00000000c5550000, 0x00000000c6d84000, 0x00000000f0000000)
   the space 24784K,  59% used [0x00000000c5550000, 0x00000000c63d5680, 0x00000000c63d5800, 0x00000000c6d84000)
 compacting perm gen  total 60608K, used 60528K [0x00000000f0000000, 0x00000000f3b30000, 0x0000000100000000)
   the space 60608K,  99% used [0x00000000f0000000, 0x00000000f3b1c060, 0x00000000f3b1c200, 0x00000000f3b30000)
No shared spaces configured.
}
Event: 111.720 GC heap before
{Heap before GC invocations=129 (full 7):
 def new generation   total 11200K, used 10759K [0x00000000b0000000, 0x00000000b0c20000, 0x00000000c5550000)
  eden space 9984K, 100% used [0x00000000b0000000, 0x00000000b09c0000, 0x00000000b09c0000)
  from space 1216K,  63% used [0x00000000b09c0000, 0x00000000b0a81e18, 0x00000000b0af0000)
  to   space 1216K,   0% used [0x00000000b0af0000, 0x00000000b0af0000, 0x00000000b0c20000)
 tenured generation   total 24784K, used 14869K [0x00000000c5550000, 0x00000000c6d84000, 0x00000000f0000000)
   the space 24784K,  59% used [0x00000000c5550000, 0x00000000c63d5680, 0x00000000c63d5800, 0x00000000c6d84000)
 compacting perm gen  total 61248K, used 61057K [0x00000000f0000000, 0x00000000f3bd0000, 0x0000000100000000)
   the space 61248K,  99% used [0x00000000f0000000, 0x00000000f3ba06c8, 0x00000000f3ba0800, 0x00000000f3bd0000)
No shared spaces configured.
Event: 111.735 GC heap after
Heap after GC invocations=130 (full 7):
 def new generation   total 11200K, used 520K [0x00000000b0000000, 0x00000000b0c20000, 0x00000000c5550000)
  eden space 9984K,   0% used [0x00000000b0000000, 0x00000000b0000000, 0x00000000b09c0000)
  from space 1216K,  42% used [0x00000000b0af0000, 0x00000000b0b72238, 0x00000000b0c20000)
  to   space 1216K,   0% used [0x00000000b09c0000, 0x00000000b09c0000, 0x00000000b0af0000)
 tenured generation   total 24784K, used 15157K [0x00000000c5550000, 0x00000000c6d84000, 0x00000000f0000000)
   the space 24784K,  61% used [0x00000000c5550000, 0x00000000c641d790, 0x00000000c641d800, 0x00000000c6d84000)
 compacting perm gen  total 61248K, used 61057K [0x00000000f0000000, 0x00000000f3bd0000, 0x0000000100000000)
   the space 61248K,  99% used [0x00000000f0000000, 0x00000000f3ba06c8, 0x00000000f3ba0800, 0x00000000f3bd0000)
No shared spaces configured.
}
Event: 115.441 GC heap before
{Heap before GC invocations=130 (full 7):
 def new generation   total 11200K, used 10504K [0x00000000b0000000, 0x00000000b0c20000, 0x00000000c5550000)
  eden space 9984K, 100% used [0x00000000b0000000, 0x00000000b09c0000, 0x00000000b09c0000)
  from space 1216K,  42% used [0x00000000b0af0000, 0x00000000b0b72238, 0x00000000b0c20000)
  to   space 1216K,   0% used [0x00000000b09c0000, 0x00000000b09c0000, 0x00000000b0af0000)
 tenured generation   total 24784K, used 15157K [0x00000000c5550000, 0x00000000c6d84000, 0x00000000f0000000)
   the space 24784K,  61% used [0x00000000c5550000, 0x00000000c641d790, 0x00000000c641d800, 0x00000000c6d84000)
 compacting perm gen  total 61568K, used 61460K [0x00000000f0000000, 0x00000000f3c20000, 0x0000000100000000)
   the space 61568K,  99% used [0x00000000f0000000, 0x00000000f3c05388, 0x00000000f3c05400, 0x00000000f3c20000)
No shared spaces configured.
Event: 115.472 GC heap after
Heap after GC invocations=131 (full 7):
 def new generation   total 11200K, used 576K [0x00000000b0000000, 0x00000000b0c20000, 0x00000000c5550000)
  eden space 9984K,   0% used [0x00000000b0000000, 0x00000000b0000000, 0x00000000b09c0000)
  from space 1216K,  47% used [0x00000000b09c0000, 0x00000000b0a501c8, 0x00000000b0af0000)
  to   space 1216K,   0% used [0x00000000b0af0000, 0x00000000b0af0000, 0x00000000b0c20000)
 tenured generation   total 24784K, used 15157K [0x00000000c5550000, 0x00000000c6d84000, 0x00000000f0000000)
   the space 24784K,  61% used [0x00000000c5550000, 0x00000000c641d790, 0x00000000c641d800, 0x00000000c6d84000)
 compacting perm gen  total 61568K, used 61460K [0x00000000f0000000, 0x00000000f3c20000, 0x0000000100000000)
   the space 61568K,  99% used [0x00000000f0000000, 0x00000000f3c05388, 0x00000000f3c05400, 0x00000000f3c20000)
No shared spaces configured.
}
Event: 116.162 GC heap before
{Heap before GC invocations=131 (full 7):
 def new generation   total 11200K, used 10560K [0x00000000b0000000, 0x00000000b0c20000, 0x00000000c5550000)
  eden space 9984K, 100% used [0x00000000b0000000, 0x00000000b09c0000, 0x00000000b09c0000)
  from space 1216K,  47% used [0x00000000b09c0000, 0x00000000b0a501c8, 0x00000000b0af0000)
  to   space 1216K,   0% used [0x00000000b0af0000, 0x00000000b0af0000, 0x00000000b0c20000)
 tenured generation   total 24784K, used 15157K [0x00000000c5550000, 0x00000000c6d84000, 0x00000000f0000000)
   the space 24784K,  61% used [0x00000000c5550000, 0x00000000c641d790, 0x00000000c641d800, 0x00000000c6d84000)
 compacting perm gen  total 61888K, used 61880K [0x00000000f0000000, 0x00000000f3c70000, 0x0000000100000000)
   the space 61888K,  99% used [0x00000000f0000000, 0x00000000f3c6e030, 0x00000000f3c6e200, 0x00000000f3c70000)
No shared spaces configured.
Event: 116.167 GC heap after
Heap after GC invocations=132 (full 7):
 def new generation   total 11200K, used 613K [0x00000000b0000000, 0x00000000b0c20000, 0x00000000c5550000)
  eden space 9984K,   0% used [0x00000000b0000000, 0x00000000b0000000, 0x00000000b09c0000)
  from space 1216K,  50% used [0x00000000b0af0000, 0x00000000b0b89488, 0x00000000b0c20000)
  to   space 1216K,   0% used [0x00000000b09c0000, 0x00000000b09c0000, 0x00000000b0af0000)
 tenured generation   total 24784K, used 15157K [0x00000000c5550000, 0x00000000c6d84000, 0x00000000f0000000)
   the space 24784K,  61% used [0x00000000c5550000, 0x00000000c641d790, 0x00000000c641d800, 0x00000000c6d84000)
 compacting perm gen  total 61888K, used 61880K [0x00000000f0000000, 0x00000000f3c70000, 0x0000000100000000)
   the space 61888K,  99% used [0x00000000f0000000, 0x00000000f3c6e030, 0x00000000f3c6e200, 0x00000000f3c70000)
No shared spaces configured.
}
Event: 125.549 GC heap before
{Heap before GC invocations=132 (full 7):
 def new generation   total 11200K, used 10597K [0x00000000b0000000, 0x00000000b0c20000, 0x00000000c5550000)
  eden space 9984K, 100% used [0x00000000b0000000, 0x00000000b09c0000, 0x00000000b09c0000)
  from space 1216K,  50% used [0x00000000b0af0000, 0x00000000b0b89488, 0x00000000b0c20000)
  to   space 1216K,   0% used [0x00000000b09c0000, 0x00000000b09c0000, 0x00000000b0af0000)
 tenured generation   total 24784K, used 15157K [0x00000000c5550000, 0x00000000c6d84000, 0x00000000f0000000)
   the space 24784K,  61% used [0x00000000c5550000, 0x00000000c641d790, 0x00000000c641d800, 0x00000000c6d84000)
 compacting perm gen  total 62528K, used 62355K [0x00000000f0000000, 0x00000000f3d10000, 0x0000000100000000)
   the space 62528K,  99% used [0x00000000f0000000, 0x00000000f3ce4ce8, 0x00000000f3ce4e00, 0x00000000f3d10000)
No shared spaces configured.
Event: 125.610 GC heap after
Heap after GC invocations=133 (full 7):
 def new generation   total 11200K, used 602K [0x00000000b0000000, 0x00000000b0c20000, 0x00000000c5550000)
  eden space 9984K,   0% used [0x00000000b0000000, 0x00000000b0000000, 0x00000000b09c0000)
  from space 1216K,  49% used [0x00000000b09c0000, 0x00000000b0a56ad0, 0x00000000b0af0000)
  to   space 1216K,   0% used [0x00000000b0af0000, 0x00000000b0af0000, 0x00000000b0c20000)
 tenured generation   total 24784K, used 15295K [0x00000000c5550000, 0x00000000c6d84000, 0x00000000f0000000)
   the space 24784K,  61% used [0x00000000c5550000, 0x00000000c643fe60, 0x00000000c6440000, 0x00000000c6d84000)
 compacting perm gen  total 62528K, used 62355K [0x00000000f0000000, 0x00000000f3d10000, 0x0000000100000000)
   the space 62528K,  99% used [0x00000000f0000000, 0x00000000f3ce4ce8, 0x00000000f3ce4e00, 0x00000000f3d10000)
No shared spaces configured.
}

