# JRE version: OpenJDK Runtime Environment (8.0_131-b11) (build 1.8.0_131-8u131-b11-0ubuntu1.16.04.2-b11)
# Java VM: OpenJDK Server VM (25.131-b11 mixed mode linux-x86 )
Heap:
 PSYoungGen      total 70912K, used 6398K [0x918c0000, 0x96440000, 0xa6e00000)
  eden space 64512K, 0% used [0x918c0000,0x918c0000,0x957c0000)
  from space 6400K, 99% used [0x95e00000,0x9643f9b8,0x96440000)
  to   space 5632K, 0% used [0x95840000,0x95840000,0x95dc0000)
 ParOldGen       total 43776K, used 4703K [0x66e00000, 0x698c0000, 0x918c0000)
  object space 43776K, 10% used [0x66e00000,0x67297fb8,0x698c0000)
 Metaspace       used 16209K, capacity 16356K, committed 16384K, reserved 16688K
GC Heap History (10 events):
Event: 1.298 GC heap after
Heap after GC invocations=3 (full 0):
 PSYoungGen      total 19200K, used 2236K [0x918c0000, 0x93e40000, 0xa6e00000)
  eden space 16640K, 0% used [0x918c0000,0x918c0000,0x92900000)
  from space 2560K, 87% used [0x92900000,0x92b2f2c0,0x92b80000)
  to   space 2560K, 0% used [0x93bc0000,0x93bc0000,0x93e40000)
 ParOldGen       total 43776K, used 12K [0x66e00000, 0x698c0000, 0x918c0000)
  object space 43776K, 0% used [0x66e00000,0x66e03000,0x698c0000)
 Metaspace       used 5165K, capacity 5188K, committed 5272K, reserved 5424K
}
Event: 2.348 GC heap before
{Heap before GC invocations=4 (full 0):
 PSYoungGen      total 19200K, used 18876K [0x918c0000, 0x93e40000, 0xa6e00000)
  eden space 16640K, 100% used [0x918c0000,0x92900000,0x92900000)
  from space 2560K, 87% used [0x92900000,0x92b2f2c0,0x92b80000)
  to   space 2560K, 0% used [0x93bc0000,0x93bc0000,0x93e40000)
 ParOldGen       total 43776K, used 12K [0x66e00000, 0x698c0000, 0x918c0000)
  object space 43776K, 0% used [0x66e00000,0x66e03000,0x698c0000)
 Metaspace       used 7150K, capacity 7172K, committed 7192K, reserved 7472K
Event: 2.360 GC heap after
Heap after GC invocations=4 (full 0):
 PSYoungGen      total 35840K, used 2549K [0x918c0000, 0x93e40000, 0xa6e00000)
  eden space 33280K, 0% used [0x918c0000,0x918c0000,0x93940000)
  from space 2560K, 99% used [0x93bc0000,0x93e3d478,0x93e40000)
  to   space 2560K, 0% used [0x93940000,0x93940000,0x93bc0000)
 ParOldGen       total 43776K, used 199K [0x66e00000, 0x698c0000, 0x918c0000)
  object space 43776K, 0% used [0x66e00000,0x66e31ce8,0x698c0000)
 Metaspace       used 7150K, capacity 7172K, committed 7192K, reserved 7472K
}
Event: 6.377 GC heap before
{Heap before GC invocations=5 (full 0):
 PSYoungGen      total 35840K, used 35829K [0x918c0000, 0x93e40000, 0xa6e00000)
  eden space 33280K, 100% used [0x918c0000,0x93940000,0x93940000)
  from space 2560K, 99% used [0x93bc0000,0x93e3d478,0x93e40000)
  to   space 2560K, 0% used [0x93940000,0x93940000,0x93bc0000)
 ParOldGen       total 43776K, used 199K [0x66e00000, 0x698c0000, 0x918c0000)
  object space 43776K, 0% used [0x66e00000,0x66e31ce8,0x698c0000)
 Metaspace       used 10132K, capacity 10323K, committed 10392K, reserved 10544K
Event: 6.387 GC heap after
Heap after GC invocations=5 (full 0):
 PSYoungGen      total 35840K, used 2559K [0x918c0000, 0x96340000, 0xa6e00000)
  eden space 33280K, 0% used [0x918c0000,0x918c0000,0x93940000)
  from space 2560K, 99% used [0x93940000,0x93bbfd98,0x93bc0000)
  to   space 4864K, 0% used [0x95e80000,0x95e80000,0x96340000)
 ParOldGen       total 43776K, used 2847K [0x66e00000, 0x698c0000, 0x918c0000)
  object space 43776K, 6% used [0x66e00000,0x670c7da8,0x698c0000)
 Metaspace       used 10132K, capacity 10323K, committed 10392K, reserved 10544K
}
Event: 8.179 GC heap before
{Heap before GC invocations=6 (full 0):
 PSYoungGen      total 35840K, used 35839K [0x918c0000, 0x96340000, 0xa6e00000)
  eden space 33280K, 100% used [0x918c0000,0x93940000,0x93940000)
  from space 2560K, 99% used [0x93940000,0x93bbfd98,0x93bc0000)
  to   space 4864K, 0% used [0x95e80000,0x95e80000,0x96340000)
 ParOldGen       total 43776K, used 2847K [0x66e00000, 0x698c0000, 0x918c0000)
  object space 43776K, 6% used [0x66e00000,0x670c7da8,0x698c0000)
 Metaspace       used 11608K, capacity 11763K, committed 11800K, reserved 12592K
Event: 8.191 GC heap after
Heap after GC invocations=6 (full 0):
 PSYoungGen      total 37120K, used 4858K [0x918c0000, 0x96340000, 0xa6e00000)
  eden space 32256K, 0% used [0x918c0000,0x918c0000,0x93840000)
  from space 4864K, 99% used [0x95e80000,0x9633ebf8,0x96340000)
  to   space 5632K, 0% used [0x95840000,0x95840000,0x95dc0000)
 ParOldGen       total 43776K, used 2943K [0x66e00000, 0x698c0000, 0x918c0000)
  object space 43776K, 6% used [0x66e00000,0x670dfec0,0x698c0000)
 Metaspace       used 11608K, capacity 11763K, committed 11800K, reserved 12592K
}
Event: 8.776 GC heap before
{Heap before GC invocations=7 (full 0):
 PSYoungGen      total 37120K, used 37114K [0x918c0000, 0x96340000, 0xa6e00000)
  eden space 32256K, 100% used [0x918c0000,0x93840000,0x93840000)
  from space 4864K, 99% used [0x95e80000,0x9633ebf8,0x96340000)
  to   space 5632K, 0% used [0x95840000,0x95840000,0x95dc0000)
 ParOldGen       total 43776K, used 2943K [0x66e00000, 0x698c0000, 0x918c0000)
  object space 43776K, 6% used [0x66e00000,0x670dfec0,0x698c0000)
 Metaspace       used 13751K, capacity 13941K, committed 13976K, reserved 14640K
Event: 8.783 GC heap after
Heap after GC invocations=7 (full 0):
 PSYoungGen      total 70144K, used 5302K [0x918c0000, 0x96440000, 0xa6e00000)
  eden space 64512K, 0% used [0x918c0000,0x918c0000,0x957c0000)
  from space 5632K, 94% used [0x95840000,0x95d6d8a0,0x95dc0000)
  to   space 6400K, 0% used [0x95e00000,0x95e00000,0x96440000)
 ParOldGen       total 43776K, used 3856K [0x66e00000, 0x698c0000, 0x918c0000)
  object space 43776K, 8% used [0x66e00000,0x671c41a0,0x698c0000)
 Metaspace       used 13751K, capacity 13941K, committed 13976K, reserved 14640K
}
Event: 9.885 GC heap before
{Heap before GC invocations=8 (full 0):
 PSYoungGen      total 70144K, used 58345K [0x918c0000, 0x96440000, 0xa6e00000)
  eden space 64512K, 82% used [0x918c0000,0x94c8cc78,0x957c0000)
  from space 5632K, 94% used [0x95840000,0x95d6d8a0,0x95dc0000)
  to   space 6400K, 0% used [0x95e00000,0x95e00000,0x96440000)
 ParOldGen       total 43776K, used 3856K [0x66e00000, 0x698c0000, 0x918c0000)
  object space 43776K, 8% used [0x66e00000,0x671c41a0,0x698c0000)
 Metaspace       used 16209K, capacity 16356K, committed 16384K, reserved 16688K

