# JRE version: OpenJDK Runtime Environment (8.0_131-b11) (build 1.8.0_131-8u131-b11-0ubuntu1.16.04.2-b11)
# Java VM: OpenJDK Server VM (25.131-b11 mixed mode linux-x86 )
Heap:
 PSYoungGen      total 35840K, used 2553K [0x916c0000, 0x93c40000, 0xa6c00000)
  eden space 33280K, 0% used [0x916c0000,0x916c0000,0x93740000)
  from space 2560K, 99% used [0x93740000,0x939be690,0x939c0000)
  to   space 2560K, 0% used [0x939c0000,0x939c0000,0x93c40000)
 ParOldGen       total 43776K, used 2866K [0x66c00000, 0x696c0000, 0x916c0000)
  object space 43776K, 6% used [0x66c00000,0x66ecc9b8,0x696c0000)
 Metaspace       used 10118K, capacity 10291K, committed 10392K, reserved 10544K
GC Heap History (9 events):
Event: 2.508 GC heap before
{Heap before GC invocations=1 (full 0):
 PSYoungGen      total 19200K, used 16640K [0x916c0000, 0x92c00000, 0xa6c00000)
  eden space 16640K, 100% used [0x916c0000,0x92700000,0x92700000)
  from space 2560K, 0% used [0x92980000,0x92980000,0x92c00000)
  to   space 2560K, 0% used [0x92700000,0x92700000,0x92980000)
 ParOldGen       total 43776K, used 0K [0x66c00000, 0x696c0000, 0x916c0000)
  object space 43776K, 0% used [0x66c00000,0x66c00000,0x696c0000)
 Metaspace       used 2738K, capacity 2908K, committed 2968K, reserved 4400K
Event: 2.513 GC heap after
Heap after GC invocations=1 (full 0):
 PSYoungGen      total 19200K, used 2460K [0x916c0000, 0x92c00000, 0xa6c00000)
  eden space 16640K, 0% used [0x916c0000,0x916c0000,0x92700000)
  from space 2560K, 96% used [0x92700000,0x92967138,0x92980000)
  to   space 2560K, 0% used [0x92980000,0x92980000,0x92c00000)
 ParOldGen       total 43776K, used 4K [0x66c00000, 0x696c0000, 0x916c0000)
  object space 43776K, 0% used [0x66c00000,0x66c01000,0x696c0000)
 Metaspace       used 2738K, capacity 2908K, committed 2968K, reserved 4400K
}
Event: 2.875 GC heap before
{Heap before GC invocations=2 (full 0):
 PSYoungGen      total 19200K, used 19100K [0x916c0000, 0x92c00000, 0xa6c00000)
  eden space 16640K, 100% used [0x916c0000,0x92700000,0x92700000)
  from space 2560K, 96% used [0x92700000,0x92967138,0x92980000)
  to   space 2560K, 0% used [0x92980000,0x92980000,0x92c00000)
 ParOldGen       total 43776K, used 4K [0x66c00000, 0x696c0000, 0x916c0000)
  object space 43776K, 0% used [0x66c00000,0x66c01000,0x696c0000)
 Metaspace       used 3881K, capacity 3902K, committed 3992K, reserved 4400K
Event: 2.879 GC heap after
Heap after GC invocations=2 (full 0):
 PSYoungGen      total 19200K, used 2270K [0x916c0000, 0x92c00000, 0xa6c00000)
  eden space 16640K, 0% used [0x916c0000,0x916c0000,0x92700000)
  from space 2560K, 88% used [0x92980000,0x92bb7850,0x92c00000)
  to   space 2560K, 0% used [0x92700000,0x92700000,0x92980000)
 ParOldGen       total 43776K, used 12K [0x66c00000, 0x696c0000, 0x916c0000)
  object space 43776K, 0% used [0x66c00000,0x66c03000,0x696c0000)
 Metaspace       used 3881K, capacity 3902K, committed 3992K, reserved 4400K
}
Event: 8.514 GC heap before
{Heap before GC invocations=3 (full 0):
 PSYoungGen      total 19200K, used 18910K [0x916c0000, 0x92c00000, 0xa6c00000)
  eden space 16640K, 100% used [0x916c0000,0x92700000,0x92700000)
  from space 2560K, 88% used [0x92980000,0x92bb7850,0x92c00000)
  to   space 2560K, 0% used [0x92700000,0x92700000,0x92980000)
 ParOldGen       total 43776K, used 12K [0x66c00000, 0x696c0000, 0x916c0000)
  object space 43776K, 0% used [0x66c00000,0x66c03000,0x696c0000)
 Metaspace       used 5162K, capacity 5220K, committed 5272K, reserved 5424K
Event: 8.947 GC heap after
Heap after GC invocations=3 (full 0):
 PSYoungGen      total 19200K, used 2234K [0x916c0000, 0x93c40000, 0xa6c00000)
  eden space 16640K, 0% used [0x916c0000,0x916c0000,0x92700000)
  from space 2560K, 87% used [0x92700000,0x9292eb80,0x92980000)
  to   space 2560K, 0% used [0x939c0000,0x939c0000,0x93c40000)
 ParOldGen       total 43776K, used 16K [0x66c00000, 0x696c0000, 0x916c0000)
  object space 43776K, 0% used [0x66c00000,0x66c04000,0x696c0000)
 Metaspace       used 5162K, capacity 5220K, committed 5272K, reserved 5424K
}
Event: 13.220 GC heap before
{Heap before GC invocations=4 (full 0):
 PSYoungGen      total 19200K, used 18874K [0x916c0000, 0x93c40000, 0xa6c00000)
  eden space 16640K, 100% used [0x916c0000,0x92700000,0x92700000)
  from space 2560K, 87% used [0x92700000,0x9292eb80,0x92980000)
  to   space 2560K, 0% used [0x939c0000,0x939c0000,0x93c40000)
 ParOldGen       total 43776K, used 16K [0x66c00000, 0x696c0000, 0x916c0000)
  object space 43776K, 0% used [0x66c00000,0x66c04000,0x696c0000)
 Metaspace       used 7140K, capacity 7172K, committed 7192K, reserved 7472K
Event: 13.226 GC heap after
Heap after GC invocations=4 (full 0):
 PSYoungGen      total 35840K, used 2557K [0x916c0000, 0x93c40000, 0xa6c00000)
  eden space 33280K, 0% used [0x916c0000,0x916c0000,0x93740000)
  from space 2560K, 99% used [0x939c0000,0x93c3f468,0x93c40000)
  to   space 2560K, 0% used [0x93740000,0x93740000,0x939c0000)
 ParOldGen       total 43776K, used 213K [0x66c00000, 0x696c0000, 0x916c0000)
  object space 43776K, 0% used [0x66c00000,0x66c35728,0x696c0000)
 Metaspace       used 7140K, capacity 7172K, committed 7192K, reserved 7472K
}
Event: 20.512 GC heap before
{Heap before GC invocations=5 (full 0):
 PSYoungGen      total 35840K, used 35837K [0x916c0000, 0x93c40000, 0xa6c00000)
  eden space 33280K, 100% used [0x916c0000,0x93740000,0x93740000)
  from space 2560K, 99% used [0x939c0000,0x93c3f468,0x93c40000)
  to   space 2560K, 0% used [0x93740000,0x93740000,0x939c0000)
 ParOldGen       total 43776K, used 213K [0x66c00000, 0x696c0000, 0x916c0000)
  object space 43776K, 0% used [0x66c00000,0x66c35728,0x696c0000)
 Metaspace       used 10118K, capacity 10291K, committed 10392K, reserved 10544K

