# JRE version: OpenJDK Runtime Environment (8.0_131-b11) (build 1.8.0_131-8u131-b11-0ubuntu1.16.04.2-b11)
# Java VM: OpenJDK Server VM (25.131-b11 mixed mode linux-x86 )
Heap:
 PSYoungGen      total 51200K, used 5821K [0x918c0000, 0x94f80000, 0xa6e00000)
  eden space 47872K, 5% used [0x918c0000,0x91b59050,0x94780000)
  from space 3328K, 95% used [0x94900000,0x94c16750,0x94c40000)
  to   space 3328K, 0% used [0x94c40000,0x94c40000,0x94f80000)
 ParOldGen       total 27136K, used 9945K [0x66e00000, 0x68880000, 0x918c0000)
  object space 27136K, 36% used [0x66e00000,0x677b6548,0x68880000)
 Metaspace       used 25634K, capacity 25814K, committed 25856K, reserved 26928K
GC Heap History (10 events):
Event: 32.066 GC heap before
{Heap before GC invocations=20 (full 1):
 PSYoungGen      total 30976K, used 29872K [0x918c0000, 0x93b00000, 0xa6e00000)
  eden space 27904K, 100% used [0x918c0000,0x93400000,0x93400000)
  from space 3072K, 64% used [0x93800000,0x939ec318,0x93b00000)
  to   space 3584K, 0% used [0x93400000,0x93400000,0x93780000)
 ParOldGen       total 27136K, used 6339K [0x66e00000, 0x68880000, 0x918c0000)
  object space 27136K, 23% used [0x66e00000,0x67430d20,0x68880000)
 Metaspace       used 20575K, capacity 20772K, committed 20864K, reserved 21808K
Event: 32.075 GC heap after
Heap after GC invocations=20 (full 1):
 PSYoungGen      total 31488K, used 1542K [0x918c0000, 0x944c0000, 0xa6e00000)
  eden space 27904K, 0% used [0x918c0000,0x918c0000,0x93400000)
  from space 3584K, 43% used [0x93400000,0x93581ab8,0x93780000)
  to   space 3584K, 0% used [0x94140000,0x94140000,0x944c0000)
 ParOldGen       total 27136K, used 6595K [0x66e00000, 0x68880000, 0x918c0000)
  object space 27136K, 24% used [0x66e00000,0x67470dc0,0x68880000)
 Metaspace       used 20575K, capacity 20772K, committed 20864K, reserved 21808K
}
Event: 220.213 GC heap before
{Heap before GC invocations=21 (full 1):
 PSYoungGen      total 31488K, used 29446K [0x918c0000, 0x944c0000, 0xa6e00000)
  eden space 27904K, 100% used [0x918c0000,0x93400000,0x93400000)
  from space 3584K, 43% used [0x93400000,0x93581ab8,0x93780000)
  to   space 3584K, 0% used [0x94140000,0x94140000,0x944c0000)
 ParOldGen       total 27136K, used 6595K [0x66e00000, 0x68880000, 0x918c0000)
  object space 27136K, 24% used [0x66e00000,0x67470dc0,0x68880000)
 Metaspace       used 21146K, capacity 21316K, committed 21376K, reserved 21808K
Event: 220.217 GC heap after
Heap after GC invocations=21 (full 1):
 PSYoungGen      total 40960K, used 1483K [0x918c0000, 0x94480000, 0xa6e00000)
  eden space 37632K, 0% used [0x918c0000,0x918c0000,0x93d80000)
  from space 3328K, 44% used [0x94140000,0x942b2de0,0x94480000)
  to   space 3584K, 0% used [0x93d80000,0x93d80000,0x94100000)
 ParOldGen       total 27136K, used 6925K [0x66e00000, 0x68880000, 0x918c0000)
  object space 27136K, 25% used [0x66e00000,0x674c3440,0x68880000)
 Metaspace       used 21146K, capacity 21316K, committed 21376K, reserved 21808K
}
Event: 280.200 GC heap before
{Heap before GC invocations=22 (full 1):
 PSYoungGen      total 40960K, used 39115K [0x918c0000, 0x94480000, 0xa6e00000)
  eden space 37632K, 100% used [0x918c0000,0x93d80000,0x93d80000)
  from space 3328K, 44% used [0x94140000,0x942b2de0,0x94480000)
  to   space 3584K, 0% used [0x93d80000,0x93d80000,0x94100000)
 ParOldGen       total 27136K, used 6925K [0x66e00000, 0x68880000, 0x918c0000)
  object space 27136K, 25% used [0x66e00000,0x674c3440,0x68880000)
 Metaspace       used 22281K, capacity 22436K, committed 22528K, reserved 22832K
Event: 280.223 GC heap after
Heap after GC invocations=22 (full 1):
 PSYoungGen      total 41216K, used 3258K [0x918c0000, 0x95100000, 0xa6e00000)
  eden space 37632K, 0% used [0x918c0000,0x918c0000,0x93d80000)
  from space 3584K, 90% used [0x93d80000,0x940aeb68,0x94100000)
  to   space 3840K, 0% used [0x94d40000,0x94d40000,0x95100000)
 ParOldGen       total 27136K, used 7883K [0x66e00000, 0x68880000, 0x918c0000)
  object space 27136K, 29% used [0x66e00000,0x675b2f20,0x68880000)
 Metaspace       used 22281K, capacity 22436K, committed 22528K, reserved 22832K
}
Event: 281.427 GC heap before
{Heap before GC invocations=23 (full 1):
 PSYoungGen      total 41216K, used 40890K [0x918c0000, 0x95100000, 0xa6e00000)
  eden space 37632K, 100% used [0x918c0000,0x93d80000,0x93d80000)
  from space 3584K, 90% used [0x93d80000,0x940aeb68,0x94100000)
  to   space 3840K, 0% used [0x94d40000,0x94d40000,0x95100000)
 ParOldGen       total 27136K, used 7883K [0x66e00000, 0x68880000, 0x918c0000)
  object space 27136K, 29% used [0x66e00000,0x675b2f20,0x68880000)
 Metaspace       used 23448K, capacity 23620K, committed 23680K, reserved 23856K
Event: 281.433 GC heap after
Heap after GC invocations=23 (full 1):
 PSYoungGen      total 52736K, used 2284K [0x918c0000, 0x95080000, 0xa6e00000)
  eden space 49408K, 0% used [0x918c0000,0x918c0000,0x94900000)
  from space 3328K, 68% used [0x94d40000,0x94f7b1f0,0x95080000)
  to   space 3840K, 0% used [0x94900000,0x94900000,0x94cc0000)
 ParOldGen       total 27136K, used 9566K [0x66e00000, 0x68880000, 0x918c0000)
  object space 27136K, 35% used [0x66e00000,0x67757958,0x68880000)
 Metaspace       used 23448K, capacity 23620K, committed 23680K, reserved 23856K
}
Event: 308.744 GC heap before
{Heap before GC invocations=24 (full 1):
 PSYoungGen      total 52736K, used 51692K [0x918c0000, 0x95080000, 0xa6e00000)
  eden space 49408K, 100% used [0x918c0000,0x94900000,0x94900000)
  from space 3328K, 68% used [0x94d40000,0x94f7b1f0,0x95080000)
  to   space 3840K, 0% used [0x94900000,0x94900000,0x94cc0000)
 ParOldGen       total 27136K, used 9566K [0x66e00000, 0x68880000, 0x918c0000)
  object space 27136K, 35% used [0x66e00000,0x67757958,0x68880000)
 Metaspace       used 25541K, capacity 25750K, committed 25856K, reserved 25904K
Event: 308.792 GC heap after
Heap after GC invocations=24 (full 1):
 PSYoungGen      total 51200K, used 3161K [0x918c0000, 0x94f80000, 0xa6e00000)
  eden space 47872K, 0% used [0x918c0000,0x918c0000,0x94780000)
  from space 3328K, 95% used [0x94900000,0x94c16750,0x94c40000)
  to   space 3328K, 0% used [0x94c40000,0x94c40000,0x94f80000)
 ParOldGen       total 27136K, used 9945K [0x66e00000, 0x68880000, 0x918c0000)
  object space 27136K, 36% used [0x66e00000,0x677b6548,0x68880000)
 Metaspace       used 25541K, capacity 25750K, committed 25856K, reserved 25904K
}

