# JRE version: OpenJDK Runtime Environment (8.0_131-b11) (build 1.8.0_131-8u131-b11-0ubuntu1.16.04.2-b11)
# Java VM: OpenJDK Server VM (25.131-b11 mixed mode linux-x86 )
Heap:
 PSYoungGen      total 33024K, used 1727K [0x916c0000, 0x93a80000, 0xa6c00000)
  eden space 29440K, 0% used [0x916c0000,0x916c0000,0x93380000)
  from space 3584K, 48% used [0x93380000,0x9352fc60,0x93700000)
  to   space 3584K, 0% used [0x93700000,0x93700000,0x93a80000)
 ParOldGen       total 26368K, used 6491K [0x66c00000, 0x685c0000, 0x916c0000)
  object space 26368K, 24% used [0x66c00000,0x67256e90,0x685c0000)
 Metaspace       used 20940K, capacity 21124K, committed 21248K, reserved 21808K
GC Heap History (10 events):
Event: 7.482 GC heap after
Heap after GC invocations=15 (full 1):
 PSYoungGen      total 18688K, used 0K [0x916c0000, 0x935c0000, 0xa6c00000)
  eden space 14592K, 0% used [0x916c0000,0x916c0000,0x92500000)
  from space 4096K, 0% used [0x92900000,0x92900000,0x92d00000)
  to   space 4096K, 0% used [0x92500000,0x92500000,0x92900000)
 ParOldGen       total 26368K, used 5324K [0x66c00000, 0x685c0000, 0x916c0000)
  object space 26368K, 20% used [0x66c00000,0x671333c0,0x685c0000)
 Metaspace       used 16206K, capacity 16356K, committed 16384K, reserved 16688K
}
Event: 7.688 GC heap before
{Heap before GC invocations=16 (full 1):
 PSYoungGen      total 18688K, used 14592K [0x916c0000, 0x935c0000, 0xa6c00000)
  eden space 14592K, 100% used [0x916c0000,0x92500000,0x92500000)
  from space 4096K, 0% used [0x92900000,0x92900000,0x92d00000)
  to   space 4096K, 0% used [0x92500000,0x92500000,0x92900000)
 ParOldGen       total 26368K, used 5324K [0x66c00000, 0x685c0000, 0x916c0000)
  object space 26368K, 20% used [0x66c00000,0x671333c0,0x685c0000)
 Metaspace       used 16807K, capacity 16996K, committed 17024K, reserved 17712K
Event: 7.689 GC heap after
Heap after GC invocations=16 (full 1):
 PSYoungGen      total 18688K, used 876K [0x916c0000, 0x93440000, 0xa6c00000)
  eden space 14592K, 0% used [0x916c0000,0x916c0000,0x92500000)
  from space 4096K, 21% used [0x92500000,0x925db048,0x92900000)
  to   space 4096K, 0% used [0x93040000,0x93040000,0x93440000)
 ParOldGen       total 26368K, used 5324K [0x66c00000, 0x685c0000, 0x916c0000)
  object space 26368K, 20% used [0x66c00000,0x671333c0,0x685c0000)
 Metaspace       used 16807K, capacity 16996K, committed 17024K, reserved 17712K
}
Event: 7.926 GC heap before
{Heap before GC invocations=17 (full 1):
 PSYoungGen      total 18688K, used 15468K [0x916c0000, 0x93440000, 0xa6c00000)
  eden space 14592K, 100% used [0x916c0000,0x92500000,0x92500000)
  from space 4096K, 21% used [0x92500000,0x925db048,0x92900000)
  to   space 4096K, 0% used [0x93040000,0x93040000,0x93440000)
 ParOldGen       total 26368K, used 5324K [0x66c00000, 0x685c0000, 0x916c0000)
  object space 26368K, 20% used [0x66c00000,0x671333c0,0x685c0000)
 Metaspace       used 17798K, capacity 17988K, committed 18048K, reserved 18736K
Event: 7.929 GC heap after
Heap after GC invocations=17 (full 1):
 PSYoungGen      total 26112K, used 1968K [0x916c0000, 0x93440000, 0xa6c00000)
  eden space 22016K, 0% used [0x916c0000,0x916c0000,0x92c40000)
  from space 4096K, 48% used [0x93040000,0x9322c090,0x93440000)
  to   space 4096K, 0% used [0x92c40000,0x92c40000,0x93040000)
 ParOldGen       total 26368K, used 5420K [0x66c00000, 0x685c0000, 0x916c0000)
  object space 26368K, 20% used [0x66c00000,0x6714b3c0,0x685c0000)
 Metaspace       used 17798K, capacity 17988K, committed 18048K, reserved 18736K
}
Event: 8.209 GC heap before
{Heap before GC invocations=18 (full 1):
 PSYoungGen      total 26112K, used 23984K [0x916c0000, 0x93440000, 0xa6c00000)
  eden space 22016K, 100% used [0x916c0000,0x92c40000,0x92c40000)
  from space 4096K, 48% used [0x93040000,0x9322c090,0x93440000)
  to   space 4096K, 0% used [0x92c40000,0x92c40000,0x93040000)
 ParOldGen       total 26368K, used 5420K [0x66c00000, 0x685c0000, 0x916c0000)
  object space 26368K, 20% used [0x66c00000,0x6714b3c0,0x685c0000)
 Metaspace       used 18768K, capacity 18948K, committed 19072K, reserved 19760K
Event: 8.211 GC heap after
Heap after GC invocations=18 (full 1):
 PSYoungGen      total 26112K, used 1918K [0x916c0000, 0x93ac0000, 0xa6c00000)
  eden space 22016K, 0% used [0x916c0000,0x916c0000,0x92c40000)
  from space 4096K, 46% used [0x92c40000,0x92e1f940,0x93040000)
  to   space 3840K, 0% used [0x93700000,0x93700000,0x93ac0000)
 ParOldGen       total 26368K, used 6051K [0x66c00000, 0x685c0000, 0x916c0000)
  object space 26368K, 22% used [0x66c00000,0x671e8de0,0x685c0000)
 Metaspace       used 18768K, capacity 18948K, committed 19072K, reserved 19760K
}
Event: 8.519 GC heap before
{Heap before GC invocations=19 (full 1):
 PSYoungGen      total 26112K, used 23934K [0x916c0000, 0x93ac0000, 0xa6c00000)
  eden space 22016K, 100% used [0x916c0000,0x92c40000,0x92c40000)
  from space 4096K, 46% used [0x92c40000,0x92e1f940,0x93040000)
  to   space 3840K, 0% used [0x93700000,0x93700000,0x93ac0000)
 ParOldGen       total 26368K, used 6051K [0x66c00000, 0x685c0000, 0x916c0000)
  object space 26368K, 22% used [0x66c00000,0x671e8de0,0x685c0000)
 Metaspace       used 19914K, capacity 20100K, committed 20224K, reserved 20784K
Event: 8.524 GC heap after
Heap after GC invocations=19 (full 1):
 PSYoungGen      total 33024K, used 1900K [0x916c0000, 0x93a80000, 0xa6c00000)
  eden space 29440K, 0% used [0x916c0000,0x916c0000,0x93380000)
  from space 3584K, 53% used [0x93700000,0x938db258,0x93a80000)
  to   space 3584K, 0% used [0x93380000,0x93380000,0x93700000)
 ParOldGen       total 26368K, used 6321K [0x66c00000, 0x685c0000, 0x916c0000)
  object space 26368K, 23% used [0x66c00000,0x6722c600,0x685c0000)
 Metaspace       used 19914K, capacity 20100K, committed 20224K, reserved 20784K
}
Event: 50.421 GC heap before
{Heap before GC invocations=20 (full 1):
 PSYoungGen      total 33024K, used 31340K [0x916c0000, 0x93a80000, 0xa6c00000)
  eden space 29440K, 100% used [0x916c0000,0x93380000,0x93380000)
  from space 3584K, 53% used [0x93700000,0x938db258,0x93a80000)
  to   space 3584K, 0% used [0x93380000,0x93380000,0x93700000)
 ParOldGen       total 26368K, used 6321K [0x66c00000, 0x685c0000, 0x916c0000)
  object space 26368K, 23% used [0x66c00000,0x6722c600,0x685c0000)
 Metaspace       used 20940K, capacity 21124K, committed 21248K, reserved 21808K

