# JRE version: OpenJDK Runtime Environment (7.0_121) (build 1.7.0_121-b00)
# Java VM: OpenJDK 64-Bit Server VM (24.121-b00 mixed mode linux-amd64 compressed oops)
Heap
 def new generation   total 59776K, used 56269K [0x00000000b0000000, 0x00000000b40d0000, 0x00000000c5550000)
  eden space 53184K,  99% used [0x00000000b0000000, 0x00000000b33aef80, 0x00000000b33f0000)
  from space 6592K,  50% used [0x00000000b33f0000, 0x00000000b3734608, 0x00000000b3a60000)
  to   space 6592K,  99% used [0x00000000b3a60000, 0x00000000b40cfff8, 0x00000000b40d0000)
 tenured generation   total 144316K, used 144315K [0x00000000c5550000, 0x00000000ce23f000, 0x00000000f0000000)
   the space 144316K,  99% used [0x00000000c5550000, 0x00000000ce23efe0, 0x00000000ce23f000, 0x00000000ce23f000)
 compacting perm gen  total 74560K, used 74400K [0x00000000f0000000, 0x00000000f48d0000, 0x0000000100000000)
   the space 74560K,  99% used [0x00000000f0000000, 0x00000000f48a81d0, 0x00000000f48a8200, 0x00000000f48d0000)
GC Heap History (10 events):
Event: 91.581 GC heap after
Heap after GC invocations=174 (full 14):
 def new generation   total 59776K, used 2128K [0x00000000b0000000, 0x00000000b40d0000, 0x00000000c5550000)
  eden space 53184K,   0% used [0x00000000b0000000, 0x00000000b0000000, 0x00000000b33f0000)
  from space 6592K,  32% used [0x00000000b33f0000, 0x00000000b3604300, 0x00000000b3a60000)
  to   space 6592K,   0% used [0x00000000b3a60000, 0x00000000b3a60000, 0x00000000b40d0000)
 tenured generation   total 132596K, used 101090K [0x00000000c5550000, 0x00000000cd6cd000, 0x00000000f0000000)
   the space 132596K,  76% used [0x00000000c5550000, 0x00000000cb808998, 0x00000000cb808a00, 0x00000000cd6cd000)
 compacting perm gen  total 74240K, used 74126K [0x00000000f0000000, 0x00000000f4880000, 0x0000000100000000)
   the space 74240K,  99% used [0x00000000f0000000, 0x00000000f4863bf0, 0x00000000f4863c00, 0x00000000f4880000)
No shared spaces configured.
}
Event: 95.411 GC heap before
{Heap before GC invocations=174 (full 14):
 def new generation   total 59776K, used 55106K [0x00000000b0000000, 0x00000000b40d0000, 0x00000000c5550000)
  eden space 53184K,  99% used [0x00000000b0000000, 0x00000000b33bc700, 0x00000000b33f0000)
  from space 6592K,  32% used [0x00000000b33f0000, 0x00000000b3604300, 0x00000000b3a60000)
  to   space 6592K,   0% used [0x00000000b3a60000, 0x00000000b3a60000, 0x00000000b40d0000)
 tenured generation   total 132596K, used 101090K [0x00000000c5550000, 0x00000000cd6cd000, 0x00000000f0000000)
   the space 132596K,  76% used [0x00000000c5550000, 0x00000000cb808998, 0x00000000cb808a00, 0x00000000cd6cd000)
 compacting perm gen  total 74560K, used 74270K [0x00000000f0000000, 0x00000000f48d0000, 0x0000000100000000)
   the space 74560K,  99% used [0x00000000f0000000, 0x00000000f4887b40, 0x00000000f4887c00, 0x00000000f48d0000)
No shared spaces configured.
Event: 95.460 GC heap after
Heap after GC invocations=175 (full 14):
 def new generation   total 59776K, used 6591K [0x00000000b0000000, 0x00000000b40d0000, 0x00000000c5550000)
  eden space 53184K,   0% used [0x00000000b0000000, 0x00000000b0000000, 0x00000000b33f0000)
  from space 6592K,  99% used [0x00000000b3a60000, 0x00000000b40cfff8, 0x00000000b40d0000)
  to   space 6592K,   0% used [0x00000000b33f0000, 0x00000000b33f0000, 0x00000000b3a60000)
 tenured generation   total 132596K, used 107349K [0x00000000c5550000, 0x00000000cd6cd000, 0x00000000f0000000)
   the space 132596K,  80% used [0x00000000c5550000, 0x00000000cbe254d8, 0x00000000cbe25600, 0x00000000cd6cd000)
 compacting perm gen  total 74560K, used 74270K [0x00000000f0000000, 0x00000000f48d0000, 0x0000000100000000)
   the space 74560K,  99% used [0x00000000f0000000, 0x00000000f4887b40, 0x00000000f4887c00, 0x00000000f48d0000)
No shared spaces configured.
}
Event: 95.876 GC heap before
{Heap before GC invocations=175 (full 14):
 def new generation   total 59776K, used 59775K [0x00000000b0000000, 0x00000000b40d0000, 0x00000000c5550000)
  eden space 53184K, 100% used [0x00000000b0000000, 0x00000000b33f0000, 0x00000000b33f0000)
  from space 6592K,  99% used [0x00000000b3a60000, 0x00000000b40cfff8, 0x00000000b40d0000)
  to   space 6592K,   0% used [0x00000000b33f0000, 0x00000000b33f0000, 0x00000000b3a60000)
 tenured generation   total 132596K, used 107349K [0x00000000c5550000, 0x00000000cd6cd000, 0x00000000f0000000)
   the space 132596K,  80% used [0x00000000c5550000, 0x00000000cbe254d8, 0x00000000cbe25600, 0x00000000cd6cd000)
 compacting perm gen  total 74560K, used 74277K [0x00000000f0000000, 0x00000000f48d0000, 0x0000000100000000)
   the space 74560K,  99% used [0x00000000f0000000, 0x00000000f4889678, 0x00000000f4889800, 0x00000000f48d0000)
No shared spaces configured.
Event: 96.086 GC heap after
Heap after GC invocations=176 (full 14):
 def new generation   total 59776K, used 6592K [0x00000000b0000000, 0x00000000b40d0000, 0x00000000c5550000)
  eden space 53184K,   0% used [0x00000000b0000000, 0x00000000b0000000, 0x00000000b33f0000)
  from space 6592K, 100% used [0x00000000b33f0000, 0x00000000b3a60000, 0x00000000b3a60000)
  to   space 6592K,   0% used [0x00000000b3a60000, 0x00000000b3a60000, 0x00000000b40d0000)
 tenured generation   total 132596K, used 124164K [0x00000000c5550000, 0x00000000cd6cd000, 0x00000000f0000000)
   the space 132596K,  93% used [0x00000000c5550000, 0x00000000cce912d8, 0x00000000cce91400, 0x00000000cd6cd000)
 compacting perm gen  total 74560K, used 74277K [0x00000000f0000000, 0x00000000f48d0000, 0x0000000100000000)
   the space 74560K,  99% used [0x00000000f0000000, 0x00000000f4889678, 0x00000000f4889800, 0x00000000f48d0000)
No shared spaces configured.
}
Event: 107.448 GC heap before
{Heap before GC invocations=176 (full 14):
 def new generation   total 59776K, used 59776K [0x00000000b0000000, 0x00000000b40d0000, 0x00000000c5550000)
  eden space 53184K, 100% used [0x00000000b0000000, 0x00000000b33f0000, 0x00000000b33f0000)
  from space 6592K, 100% used [0x00000000b33f0000, 0x00000000b3a60000, 0x00000000b3a60000)
  to   space 6592K,   0% used [0x00000000b3a60000, 0x00000000b3a60000, 0x00000000b40d0000)
 tenured generation   total 132596K, used 124164K [0x00000000c5550000, 0x00000000cd6cd000, 0x00000000f0000000)
   the space 132596K,  93% used [0x00000000c5550000, 0x00000000cce912d8, 0x00000000cce91400, 0x00000000cd6cd000)
 compacting perm gen  total 74560K, used 74278K [0x00000000f0000000, 0x00000000f48d0000, 0x0000000100000000)
   the space 74560K,  99% used [0x00000000f0000000, 0x00000000f4889af8, 0x00000000f4889c00, 0x00000000f48d0000)
No shared spaces configured.
Event: 107.508 GC heap after
Heap after GC invocations=177 (full 14):
 def new generation   total 59776K, used 3540K [0x00000000b0000000, 0x00000000b40d0000, 0x00000000c5550000)
  eden space 53184K,   0% used [0x00000000b0000000, 0x00000000b0000000, 0x00000000b33f0000)
  from space 6592K,  53% used [0x00000000b3a60000, 0x00000000b3dd53d8, 0x00000000b40d0000)
  to   space 6592K,   0% used [0x00000000b33f0000, 0x00000000b33f0000, 0x00000000b3a60000)
 tenured generation   total 132596K, used 130046K [0x00000000c5550000, 0x00000000cd6cd000, 0x00000000f0000000)
   the space 132596K,  98% used [0x00000000c5550000, 0x00000000cd44fb68, 0x00000000cd44fc00, 0x00000000cd6cd000)
 compacting perm gen  total 74560K, used 74278K [0x00000000f0000000, 0x00000000f48d0000, 0x0000000100000000)
   the space 74560K,  99% used [0x00000000f0000000, 0x00000000f4889af8, 0x00000000f4889c00, 0x00000000f48d0000)
No shared spaces configured.
}
Event: 113.264 GC heap before
{Heap before GC invocations=177 (full 14):
 def new generation   total 59776K, used 53977K [0x00000000b0000000, 0x00000000b40d0000, 0x00000000c5550000)
  eden space 53184K,  94% used [0x00000000b0000000, 0x00000000b3141420, 0x00000000b33f0000)
  from space 6592K,  53% used [0x00000000b3a60000, 0x00000000b3dd53d8, 0x00000000b40d0000)
  to   space 6592K,   0% used [0x00000000b33f0000, 0x00000000b33f0000, 0x00000000b3a60000)
 tenured generation   total 132596K, used 130046K [0x00000000c5550000, 0x00000000cd6cd000, 0x00000000f0000000)
   the space 132596K,  98% used [0x00000000c5550000, 0x00000000cd44fb68, 0x00000000cd44fc00, 0x00000000cd6cd000)
 compacting perm gen  total 74560K, used 74392K [0x00000000f0000000, 0x00000000f48d0000, 0x0000000100000000)
   the space 74560K,  99% used [0x00000000f0000000, 0x00000000f48a6120, 0x00000000f48a6200, 0x00000000f48d0000)
No shared spaces configured.
Event: 113.283 GC heap after
Heap after GC invocations=178 (full 14):
 def new generation   total 59776K, used 3345K [0x00000000b0000000, 0x00000000b40d0000, 0x00000000c5550000)
  eden space 53184K,   0% used [0x00000000b0000000, 0x00000000b0000000, 0x00000000b33f0000)
  from space 6592K,  50% used [0x00000000b33f0000, 0x00000000b3734608, 0x00000000b3a60000)
  to   space 6592K,   0% used [0x00000000b3a60000, 0x00000000b3a60000, 0x00000000b40d0000)
 tenured generation   total 132596K, used 131936K [0x00000000c5550000, 0x00000000cd6cd000, 0x00000000f0000000)
   the space 132596K,  99% used [0x00000000c5550000, 0x00000000cd6281d8, 0x00000000cd628200, 0x00000000cd6cd000)
 compacting perm gen  total 74560K, used 74392K [0x00000000f0000000, 0x00000000f48d0000, 0x0000000100000000)
   the space 74560K,  99% used [0x00000000f0000000, 0x00000000f48a6120, 0x00000000f48a6200, 0x00000000f48d0000)
No shared spaces configured.
}
Event: 113.696 GC heap before
{Heap before GC invocations=178 (full 14):
 def new generation   total 59776K, used 56269K [0x00000000b0000000, 0x00000000b40d0000, 0x00000000c5550000)
  eden space 53184K,  99% used [0x00000000b0000000, 0x00000000b33aef80, 0x00000000b33f0000)
  from space 6592K,  50% used [0x00000000b33f0000, 0x00000000b3734608, 0x00000000b3a60000)
  to   space 6592K,   0% used [0x00000000b3a60000, 0x00000000b3a60000, 0x00000000b40d0000)
 tenured generation   total 132596K, used 131936K [0x00000000c5550000, 0x00000000cd6cd000, 0x00000000f0000000)
   the space 132596K,  99% used [0x00000000c5550000, 0x00000000cd6281d8, 0x00000000cd628200, 0x00000000cd6cd000)
 compacting perm gen  total 74560K, used 74400K [0x00000000f0000000, 0x00000000f48d0000, 0x0000000100000000)
   the space 74560K,  99% used [0x00000000f0000000, 0x00000000f48a81d0, 0x00000000f48a8200, 0x00000000f48d0000)
No shared spaces configured.

