# JRE version: OpenJDK Runtime Environment (7.0_121) (build 1.7.0_121-b00)
# Java VM: OpenJDK 64-Bit Server VM (24.121-b00 mixed mode linux-amd64 compressed oops)
Heap
 def new generation   total 11840K, used 7228K [0x00000000b0000000, 0x00000000b0cd0000, 0x00000000c5550000)
  eden space 10560K,  56% used [0x00000000b0000000, 0x00000000b05d81d0, 0x00000000b0a50000)
  from space 1280K,  97% used [0x00000000b0b90000, 0x00000000b0cc6e60, 0x00000000b0cd0000)
  to   space 1280K,   0% used [0x00000000b0a50000, 0x00000000b0a50000, 0x00000000b0b90000)
 tenured generation   total 26104K, used 19094K [0x00000000c5550000, 0x00000000c6ece000, 0x00000000f0000000)
   the space 26104K,  73% used [0x00000000c5550000, 0x00000000c67f5a80, 0x00000000c67f5c00, 0x00000000c6ece000)
 compacting perm gen  total 68736K, used 68735K [0x00000000f0000000, 0x00000000f4320000, 0x0000000100000000)
   the space 68736K,  99% used [0x00000000f0000000, 0x00000000f431fe30, 0x00000000f4320000, 0x00000000f4320000)
GC Heap History (10 events):
Event: 116.379 GC heap before
{Heap before GC invocations=146 (full 8):
 def new generation   total 11840K, used 10560K [0x00000000b0000000, 0x00000000b0cd0000, 0x00000000c5550000)
  eden space 10560K, 100% used [0x00000000b0000000, 0x00000000b0a50000, 0x00000000b0a50000)
  from space 1280K,   0% used [0x00000000b0a50000, 0x00000000b0a50000, 0x00000000b0b90000)
  to   space 1280K,   0% used [0x00000000b0b90000, 0x00000000b0b90000, 0x00000000b0cd0000)
 tenured generation   total 26104K, used 15660K [0x00000000c5550000, 0x00000000c6ece000, 0x00000000f0000000)
   the space 26104K,  59% used [0x00000000c5550000, 0x00000000c649b108, 0x00000000c649b200, 0x00000000c6ece000)
 compacting perm gen  total 66176K, used 65884K [0x00000000f0000000, 0x00000000f40a0000, 0x0000000100000000)
   the space 66176K,  99% used [0x00000000f0000000, 0x00000000f4057210, 0x00000000f4057400, 0x00000000f40a0000)
No shared spaces configured.
Event: 116.401 GC heap after
Heap after GC invocations=147 (full 8):
 def new generation   total 11840K, used 1279K [0x00000000b0000000, 0x00000000b0cd0000, 0x00000000c5550000)
  eden space 10560K,   0% used [0x00000000b0000000, 0x00000000b0000000, 0x00000000b0a50000)
  from space 1280K,  99% used [0x00000000b0b90000, 0x00000000b0ccfff8, 0x00000000b0cd0000)
  to   space 1280K,   0% used [0x00000000b0a50000, 0x00000000b0a50000, 0x00000000b0b90000)
 tenured generation   total 26104K, used 15731K [0x00000000c5550000, 0x00000000c6ece000, 0x00000000f0000000)
   the space 26104K,  60% used [0x00000000c5550000, 0x00000000c64acec8, 0x00000000c64ad000, 0x00000000c6ece000)
 compacting perm gen  total 66176K, used 65884K [0x00000000f0000000, 0x00000000f40a0000, 0x0000000100000000)
   the space 66176K,  99% used [0x00000000f0000000, 0x00000000f4057210, 0x00000000f4057400, 0x00000000f40a0000)
No shared spaces configured.
}
Event: 164.943 GC heap before
{Heap before GC invocations=147 (full 8):
 def new generation   total 11840K, used 9391K [0x00000000b0000000, 0x00000000b0cd0000, 0x00000000c5550000)
  eden space 10560K,  76% used [0x00000000b0000000, 0x00000000b07ebef0, 0x00000000b0a50000)
  from space 1280K,  99% used [0x00000000b0b90000, 0x00000000b0ccfff8, 0x00000000b0cd0000)
  to   space 1280K,   0% used [0x00000000b0a50000, 0x00000000b0a50000, 0x00000000b0b90000)
 tenured generation   total 26104K, used 15731K [0x00000000c5550000, 0x00000000c6ece000, 0x00000000f0000000)
   the space 26104K,  60% used [0x00000000c5550000, 0x00000000c64acec8, 0x00000000c64ad000, 0x00000000c6ece000)
 compacting perm gen  total 66816K, used 66605K [0x00000000f0000000, 0x00000000f4140000, 0x0000000100000000)
   the space 66816K,  99% used [0x00000000f0000000, 0x00000000f410b728, 0x00000000f410b800, 0x00000000f4140000)
No shared spaces configured.
Event: 165.504 GC heap after
Heap after GC invocations=148 (full 8):
 def new generation   total 11840K, used 1010K [0x00000000b0000000, 0x00000000b0cd0000, 0x00000000c5550000)
  eden space 10560K,   0% used [0x00000000b0000000, 0x00000000b0000000, 0x00000000b0a50000)
  from space 1280K,  78% used [0x00000000b0a50000, 0x00000000b0b4cac0, 0x00000000b0b90000)
  to   space 1280K,   0% used [0x00000000b0b90000, 0x00000000b0b90000, 0x00000000b0cd0000)
 tenured generation   total 26104K, used 16083K [0x00000000c5550000, 0x00000000c6ece000, 0x00000000f0000000)
   the space 26104K,  61% used [0x00000000c5550000, 0x00000000c6504c88, 0x00000000c6504e00, 0x00000000c6ece000)
 compacting perm gen  total 66816K, used 66605K [0x00000000f0000000, 0x00000000f4140000, 0x0000000100000000)
   the space 66816K,  99% used [0x00000000f0000000, 0x00000000f410b728, 0x00000000f410b800, 0x00000000f4140000)
No shared spaces configured.
}
Event: 200.937 GC heap before
{Heap before GC invocations=148 (full 8):
 def new generation   total 11840K, used 11570K [0x00000000b0000000, 0x00000000b0cd0000, 0x00000000c5550000)
  eden space 10560K, 100% used [0x00000000b0000000, 0x00000000b0a50000, 0x00000000b0a50000)
  from space 1280K,  78% used [0x00000000b0a50000, 0x00000000b0b4cac0, 0x00000000b0b90000)
  to   space 1280K,   0% used [0x00000000b0b90000, 0x00000000b0b90000, 0x00000000b0cd0000)
 tenured generation   total 26104K, used 16083K [0x00000000c5550000, 0x00000000c6ece000, 0x00000000f0000000)
   the space 26104K,  61% used [0x00000000c5550000, 0x00000000c6504c88, 0x00000000c6504e00, 0x00000000c6ece000)
 compacting perm gen  total 67136K, used 67022K [0x00000000f0000000, 0x00000000f4190000, 0x0000000100000000)
   the space 67136K,  99% used [0x00000000f0000000, 0x00000000f41739d8, 0x00000000f4173a00, 0x00000000f4190000)
No shared spaces configured.
Event: 202.231 GC heap after
Heap after GC invocations=149 (full 8):
 def new generation   total 11840K, used 576K [0x00000000b0000000, 0x00000000b0cd0000, 0x00000000c5550000)
  eden space 10560K,   0% used [0x00000000b0000000, 0x00000000b0000000, 0x00000000b0a50000)
  from space 1280K,  45% used [0x00000000b0b90000, 0x00000000b0c20240, 0x00000000b0cd0000)
  to   space 1280K,   0% used [0x00000000b0a50000, 0x00000000b0a50000, 0x00000000b0b90000)
 tenured generation   total 26104K, used 16467K [0x00000000c5550000, 0x00000000c6ece000, 0x00000000f0000000)
   the space 26104K,  63% used [0x00000000c5550000, 0x00000000c6564e00, 0x00000000c6564e00, 0x00000000c6ece000)
 compacting perm gen  total 67136K, used 67022K [0x00000000f0000000, 0x00000000f4190000, 0x0000000100000000)
   the space 67136K,  99% used [0x00000000f0000000, 0x00000000f41739d8, 0x00000000f4173a00, 0x00000000f4190000)
No shared spaces configured.
}
Event: 295.723 GC heap before
{Heap before GC invocations=149 (full 8):
 def new generation   total 11840K, used 11136K [0x00000000b0000000, 0x00000000b0cd0000, 0x00000000c5550000)
  eden space 10560K, 100% used [0x00000000b0000000, 0x00000000b0a50000, 0x00000000b0a50000)
  from space 1280K,  45% used [0x00000000b0b90000, 0x00000000b0c20240, 0x00000000b0cd0000)
  to   space 1280K,   0% used [0x00000000b0a50000, 0x00000000b0a50000, 0x00000000b0b90000)
 tenured generation   total 26104K, used 16467K [0x00000000c5550000, 0x00000000c6ece000, 0x00000000f0000000)
   the space 26104K,  63% used [0x00000000c5550000, 0x00000000c6564e00, 0x00000000c6564e00, 0x00000000c6ece000)
 compacting perm gen  total 67776K, used 67458K [0x00000000f0000000, 0x00000000f4230000, 0x0000000100000000)
   the space 67776K,  99% used [0x00000000f0000000, 0x00000000f41e09f0, 0x00000000f41e0a00, 0x00000000f4230000)
No shared spaces configured.
Event: 296.614 GC heap after
Heap after GC invocations=150 (full 8):
 def new generation   total 11840K, used 789K [0x00000000b0000000, 0x00000000b0cd0000, 0x00000000c5550000)
  eden space 10560K,   0% used [0x00000000b0000000, 0x00000000b0000000, 0x00000000b0a50000)
  from space 1280K,  61% used [0x00000000b0a50000, 0x00000000b0b15730, 0x00000000b0b90000)
  to   space 1280K,   0% used [0x00000000b0b90000, 0x00000000b0b90000, 0x00000000b0cd0000)
 tenured generation   total 26104K, used 16467K [0x00000000c5550000, 0x00000000c6ece000, 0x00000000f0000000)
   the space 26104K,  63% used [0x00000000c5550000, 0x00000000c6564e00, 0x00000000c6564e00, 0x00000000c6ece000)
 compacting perm gen  total 67776K, used 67458K [0x00000000f0000000, 0x00000000f4230000, 0x0000000100000000)
   the space 67776K,  99% used [0x00000000f0000000, 0x00000000f41e09f0, 0x00000000f41e0a00, 0x00000000f4230000)
No shared spaces configured.
}
Event: 353.297 GC heap before
{Heap before GC invocations=150 (full 8):
 def new generation   total 11840K, used 11349K [0x00000000b0000000, 0x00000000b0cd0000, 0x00000000c5550000)
  eden space 10560K, 100% used [0x00000000b0000000, 0x00000000b0a50000, 0x00000000b0a50000)
  from space 1280K,  61% used [0x00000000b0a50000, 0x00000000b0b15730, 0x00000000b0b90000)
  to   space 1280K,   0% used [0x00000000b0b90000, 0x00000000b0b90000, 0x00000000b0cd0000)
 tenured generation   total 26104K, used 16467K [0x00000000c5550000, 0x00000000c6ece000, 0x00000000f0000000)
   the space 26104K,  63% used [0x00000000c5550000, 0x00000000c6564e00, 0x00000000c6564e00, 0x00000000c6ece000)
 compacting perm gen  total 68416K, used 68226K [0x00000000f0000000, 0x00000000f42d0000, 0x0000000100000000)
   the space 68416K,  99% used [0x00000000f0000000, 0x00000000f42a0bb8, 0x00000000f42a0c00, 0x00000000f42d0000)
No shared spaces configured.
Event: 353.330 GC heap after
Heap after GC invocations=151 (full 8):
 def new generation   total 11840K, used 1243K [0x00000000b0000000, 0x00000000b0cd0000, 0x00000000c5550000)
  eden space 10560K,   0% used [0x00000000b0000000, 0x00000000b0000000, 0x00000000b0a50000)
  from space 1280K,  97% used [0x00000000b0b90000, 0x00000000b0cc6e60, 0x00000000b0cd0000)
  to   space 1280K,   0% used [0x00000000b0a50000, 0x00000000b0a50000, 0x00000000b0b90000)
 tenured generation   total 26104K, used 19094K [0x00000000c5550000, 0x00000000c6ece000, 0x00000000f0000000)
   the space 26104K,  73% used [0x00000000c5550000, 0x00000000c67f5a80, 0x00000000c67f5c00, 0x00000000c6ece000)
 compacting perm gen  total 68416K, used 68226K [0x00000000f0000000, 0x00000000f42d0000, 0x0000000100000000)
   the space 68416K,  99% used [0x00000000f0000000, 0x00000000f42a0bb8, 0x00000000f42a0c00, 0x00000000f42d0000)
No shared spaces configured.
}

